[2023-11-13T21:45:50.089+0000] {processor.py:157} INFO - Started process (PID=150) to work on /home/airflow/.local/lib/python3.8/site-packages/airflow/example_dags/example_trigger_controller_dag.py
[2023-11-13T21:45:50.117+0000] {processor.py:829} INFO - Processing file /home/airflow/.local/lib/python3.8/site-packages/airflow/example_dags/example_trigger_controller_dag.py for tasks to queue
[2023-11-13T21:45:50.167+0000] {logging_mixin.py:154} INFO - [2023-11-13T21:45:50.166+0000] {dagbag.py:536} INFO - Filling up the DagBag from /home/airflow/.local/lib/python3.8/site-packages/airflow/example_dags/example_trigger_controller_dag.py
[2023-11-13T21:45:50.223+0000] {processor.py:839} INFO - DAG(s) dict_keys(['example_trigger_controller_dag']) retrieved from /home/airflow/.local/lib/python3.8/site-packages/airflow/example_dags/example_trigger_controller_dag.py
[2023-11-13T21:45:52.359+0000] {logging_mixin.py:154} INFO - [2023-11-13T21:45:52.358+0000] {manager.py:499} INFO - Created Permission View: %s
[2023-11-13T21:45:52.567+0000] {logging_mixin.py:154} INFO - [2023-11-13T21:45:52.566+0000] {manager.py:499} INFO - Created Permission View: %s
[2023-11-13T21:45:52.649+0000] {logging_mixin.py:154} INFO - [2023-11-13T21:45:52.649+0000] {manager.py:499} INFO - Created Permission View: %s
[2023-11-13T21:45:52.652+0000] {logging_mixin.py:154} INFO - [2023-11-13T21:45:52.652+0000] {dag.py:2941} INFO - Sync 1 DAGs
[2023-11-13T21:45:53.068+0000] {logging_mixin.py:154} INFO - [2023-11-13T21:45:53.068+0000] {dag.py:2963} INFO - Creating ORM DAG for example_trigger_controller_dag
[2023-11-13T21:45:53.255+0000] {logging_mixin.py:154} INFO - [2023-11-13T21:45:53.254+0000] {dag.py:3722} INFO - Setting next_dagrun for example_trigger_controller_dag to 2021-01-01T00:00:00+00:00, run_after=2021-01-01T00:00:00+00:00
[2023-11-13T21:45:53.573+0000] {processor.py:179} INFO - Processing /home/airflow/.local/lib/python3.8/site-packages/airflow/example_dags/example_trigger_controller_dag.py took 3.513 seconds
[2023-11-13T21:51:20.479+0000] {processor.py:157} INFO - Started process (PID=92) to work on /home/airflow/.local/lib/python3.8/site-packages/airflow/example_dags/example_trigger_controller_dag.py
[2023-11-13T21:51:20.802+0000] {processor.py:829} INFO - Processing file /home/airflow/.local/lib/python3.8/site-packages/airflow/example_dags/example_trigger_controller_dag.py for tasks to queue
[2023-11-13T21:51:21.058+0000] {logging_mixin.py:154} INFO - [2023-11-13T21:51:21.025+0000] {dagbag.py:536} INFO - Filling up the DagBag from /home/airflow/.local/lib/python3.8/site-packages/airflow/example_dags/example_trigger_controller_dag.py
[2023-11-13T21:51:21.619+0000] {processor.py:839} INFO - DAG(s) dict_keys(['example_trigger_controller_dag']) retrieved from /home/airflow/.local/lib/python3.8/site-packages/airflow/example_dags/example_trigger_controller_dag.py
[2023-11-13T21:51:23.804+0000] {logging_mixin.py:154} INFO - [2023-11-13T21:51:23.784+0000] {dag.py:2941} INFO - Sync 1 DAGs
[2023-11-13T21:51:25.289+0000] {logging_mixin.py:154} INFO - [2023-11-13T21:51:25.269+0000] {dag.py:3722} INFO - Setting next_dagrun for example_trigger_controller_dag to 2021-01-01T00:00:00+00:00, run_after=2021-01-01T00:00:00+00:00
[2023-11-13T21:51:26.788+0000] {processor.py:179} INFO - Processing /home/airflow/.local/lib/python3.8/site-packages/airflow/example_dags/example_trigger_controller_dag.py took 6.318 seconds
[2023-11-13T21:54:32.439+0000] {processor.py:157} INFO - Started process (PID=175) to work on /home/airflow/.local/lib/python3.8/site-packages/airflow/example_dags/example_trigger_controller_dag.py
[2023-11-13T21:54:32.580+0000] {processor.py:829} INFO - Processing file /home/airflow/.local/lib/python3.8/site-packages/airflow/example_dags/example_trigger_controller_dag.py for tasks to queue
[2023-11-13T21:54:32.948+0000] {logging_mixin.py:154} INFO - [2023-11-13T21:54:32.929+0000] {dagbag.py:536} INFO - Filling up the DagBag from /home/airflow/.local/lib/python3.8/site-packages/airflow/example_dags/example_trigger_controller_dag.py
[2023-11-13T21:54:33.463+0000] {processor.py:839} INFO - DAG(s) dict_keys(['example_trigger_controller_dag']) retrieved from /home/airflow/.local/lib/python3.8/site-packages/airflow/example_dags/example_trigger_controller_dag.py
[2023-11-13T21:54:36.627+0000] {logging_mixin.py:154} INFO - [2023-11-13T21:54:36.580+0000] {dag.py:2941} INFO - Sync 1 DAGs
[2023-11-13T21:54:38.236+0000] {logging_mixin.py:154} INFO - [2023-11-13T21:54:38.236+0000] {dag.py:3722} INFO - Setting next_dagrun for example_trigger_controller_dag to 2021-01-01T00:00:00+00:00, run_after=2021-01-01T00:00:00+00:00
[2023-11-13T21:54:40.600+0000] {processor.py:179} INFO - Processing /home/airflow/.local/lib/python3.8/site-packages/airflow/example_dags/example_trigger_controller_dag.py took 8.733 seconds
