[2023-11-13T21:45:18.191+0000] {processor.py:157} INFO - Started process (PID=135) to work on /home/airflow/.local/lib/python3.8/site-packages/airflow/example_dags/example_branch_datetime_operator.py
[2023-11-13T21:45:18.231+0000] {processor.py:829} INFO - Processing file /home/airflow/.local/lib/python3.8/site-packages/airflow/example_dags/example_branch_datetime_operator.py for tasks to queue
[2023-11-13T21:45:18.287+0000] {logging_mixin.py:154} INFO - [2023-11-13T21:45:18.274+0000] {dagbag.py:536} INFO - Filling up the DagBag from /home/airflow/.local/lib/python3.8/site-packages/airflow/example_dags/example_branch_datetime_operator.py
[2023-11-13T21:45:18.435+0000] {processor.py:839} INFO - DAG(s) dict_keys(['example_branch_datetime_operator_2', 'example_branch_datetime_operator', 'example_branch_datetime_operator_3']) retrieved from /home/airflow/.local/lib/python3.8/site-packages/airflow/example_dags/example_branch_datetime_operator.py
[2023-11-13T21:45:22.214+0000] {logging_mixin.py:154} INFO - [2023-11-13T21:45:22.212+0000] {manager.py:499} INFO - Created Permission View: %s
[2023-11-13T21:45:22.845+0000] {logging_mixin.py:154} INFO - [2023-11-13T21:45:22.844+0000] {manager.py:499} INFO - Created Permission View: %s
[2023-11-13T21:45:23.024+0000] {logging_mixin.py:154} INFO - [2023-11-13T21:45:23.024+0000] {manager.py:499} INFO - Created Permission View: %s
[2023-11-13T21:45:23.399+0000] {logging_mixin.py:154} INFO - [2023-11-13T21:45:23.393+0000] {manager.py:499} INFO - Created Permission View: %s
[2023-11-13T21:45:23.929+0000] {logging_mixin.py:154} INFO - [2023-11-13T21:45:23.761+0000] {manager.py:499} INFO - Created Permission View: %s
[2023-11-13T21:45:24.160+0000] {logging_mixin.py:154} INFO - [2023-11-13T21:45:24.158+0000] {manager.py:499} INFO - Created Permission View: %s
[2023-11-13T21:45:24.683+0000] {logging_mixin.py:154} INFO - [2023-11-13T21:45:24.683+0000] {manager.py:499} INFO - Created Permission View: %s
[2023-11-13T21:45:25.052+0000] {logging_mixin.py:154} INFO - [2023-11-13T21:45:25.051+0000] {manager.py:499} INFO - Created Permission View: %s
[2023-11-13T21:45:25.681+0000] {logging_mixin.py:154} INFO - [2023-11-13T21:45:25.676+0000] {manager.py:499} INFO - Created Permission View: %s
[2023-11-13T21:45:25.692+0000] {logging_mixin.py:154} INFO - [2023-11-13T21:45:25.684+0000] {dag.py:2941} INFO - Sync 3 DAGs
[2023-11-13T21:45:26.527+0000] {logging_mixin.py:154} INFO - [2023-11-13T21:45:26.526+0000] {dag.py:2963} INFO - Creating ORM DAG for example_branch_datetime_operator_3
[2023-11-13T21:45:26.607+0000] {logging_mixin.py:154} INFO - [2023-11-13T21:45:26.604+0000] {dag.py:2963} INFO - Creating ORM DAG for example_branch_datetime_operator
[2023-11-13T21:45:26.646+0000] {logging_mixin.py:154} INFO - [2023-11-13T21:45:26.645+0000] {dag.py:2963} INFO - Creating ORM DAG for example_branch_datetime_operator_2
[2023-11-13T21:45:27.381+0000] {logging_mixin.py:154} INFO - [2023-11-13T21:45:27.381+0000] {dag.py:3722} INFO - Setting next_dagrun for example_branch_datetime_operator to 2023-11-12T00:00:00+00:00, run_after=2023-11-13T00:00:00+00:00
[2023-11-13T21:45:27.415+0000] {logging_mixin.py:154} INFO - [2023-11-13T21:45:27.414+0000] {dag.py:3722} INFO - Setting next_dagrun for example_branch_datetime_operator_2 to 2023-11-12T00:00:00+00:00, run_after=2023-11-13T00:00:00+00:00
[2023-11-13T21:45:27.546+0000] {logging_mixin.py:154} INFO - [2023-11-13T21:45:27.545+0000] {dag.py:3722} INFO - Setting next_dagrun for example_branch_datetime_operator_3 to 2023-11-12T00:00:00+00:00, run_after=2023-11-13T00:00:00+00:00
[2023-11-13T21:45:28.183+0000] {processor.py:179} INFO - Processing /home/airflow/.local/lib/python3.8/site-packages/airflow/example_dags/example_branch_datetime_operator.py took 10.076 seconds
[2023-11-13T21:46:59.547+0000] {processor.py:157} INFO - Started process (PID=201) to work on /home/airflow/.local/lib/python3.8/site-packages/airflow/example_dags/example_branch_datetime_operator.py
[2023-11-13T21:46:59.564+0000] {processor.py:829} INFO - Processing file /home/airflow/.local/lib/python3.8/site-packages/airflow/example_dags/example_branch_datetime_operator.py for tasks to queue
[2023-11-13T21:46:59.643+0000] {logging_mixin.py:154} INFO - [2023-11-13T21:46:59.641+0000] {dagbag.py:536} INFO - Filling up the DagBag from /home/airflow/.local/lib/python3.8/site-packages/airflow/example_dags/example_branch_datetime_operator.py
[2023-11-13T21:46:59.896+0000] {processor.py:839} INFO - DAG(s) dict_keys(['example_branch_datetime_operator_3', 'example_branch_datetime_operator_2', 'example_branch_datetime_operator']) retrieved from /home/airflow/.local/lib/python3.8/site-packages/airflow/example_dags/example_branch_datetime_operator.py
[2023-11-13T21:47:00.553+0000] {logging_mixin.py:154} INFO - [2023-11-13T21:47:00.553+0000] {dag.py:2941} INFO - Sync 3 DAGs
[2023-11-13T21:47:01.235+0000] {logging_mixin.py:154} INFO - [2023-11-13T21:47:01.234+0000] {dag.py:3722} INFO - Setting next_dagrun for example_branch_datetime_operator to 2023-11-12T00:00:00+00:00, run_after=2023-11-13T00:00:00+00:00
[2023-11-13T21:47:01.382+0000] {logging_mixin.py:154} INFO - [2023-11-13T21:47:01.382+0000] {dag.py:3722} INFO - Setting next_dagrun for example_branch_datetime_operator_2 to 2023-11-12T00:00:00+00:00, run_after=2023-11-13T00:00:00+00:00
[2023-11-13T21:47:01.430+0000] {logging_mixin.py:154} INFO - [2023-11-13T21:47:01.413+0000] {dag.py:3722} INFO - Setting next_dagrun for example_branch_datetime_operator_3 to 2023-11-12T00:00:00+00:00, run_after=2023-11-13T00:00:00+00:00
[2023-11-13T21:47:01.715+0000] {processor.py:179} INFO - Processing /home/airflow/.local/lib/python3.8/site-packages/airflow/example_dags/example_branch_datetime_operator.py took 2.231 seconds
[2023-11-13T21:50:50.830+0000] {processor.py:157} INFO - Started process (PID=77) to work on /home/airflow/.local/lib/python3.8/site-packages/airflow/example_dags/example_branch_datetime_operator.py
[2023-11-13T21:50:50.854+0000] {processor.py:829} INFO - Processing file /home/airflow/.local/lib/python3.8/site-packages/airflow/example_dags/example_branch_datetime_operator.py for tasks to queue
[2023-11-13T21:50:50.898+0000] {logging_mixin.py:154} INFO - [2023-11-13T21:50:50.898+0000] {dagbag.py:536} INFO - Filling up the DagBag from /home/airflow/.local/lib/python3.8/site-packages/airflow/example_dags/example_branch_datetime_operator.py
[2023-11-13T21:50:51.279+0000] {processor.py:839} INFO - DAG(s) dict_keys(['example_branch_datetime_operator_3', 'example_branch_datetime_operator', 'example_branch_datetime_operator_2']) retrieved from /home/airflow/.local/lib/python3.8/site-packages/airflow/example_dags/example_branch_datetime_operator.py
[2023-11-13T21:50:53.705+0000] {logging_mixin.py:154} INFO - [2023-11-13T21:50:53.694+0000] {dag.py:2941} INFO - Sync 3 DAGs
[2023-11-13T21:50:55.474+0000] {logging_mixin.py:154} INFO - [2023-11-13T21:50:55.474+0000] {dag.py:3722} INFO - Setting next_dagrun for example_branch_datetime_operator to 2023-11-12T00:00:00+00:00, run_after=2023-11-13T00:00:00+00:00
[2023-11-13T21:50:55.700+0000] {logging_mixin.py:154} INFO - [2023-11-13T21:50:55.622+0000] {dag.py:3722} INFO - Setting next_dagrun for example_branch_datetime_operator_2 to 2023-11-12T00:00:00+00:00, run_after=2023-11-13T00:00:00+00:00
[2023-11-13T21:50:55.870+0000] {logging_mixin.py:154} INFO - [2023-11-13T21:50:55.869+0000] {dag.py:3722} INFO - Setting next_dagrun for example_branch_datetime_operator_3 to 2023-11-12T00:00:00+00:00, run_after=2023-11-13T00:00:00+00:00
[2023-11-13T21:50:57.067+0000] {processor.py:179} INFO - Processing /home/airflow/.local/lib/python3.8/site-packages/airflow/example_dags/example_branch_datetime_operator.py took 6.310 seconds
[2023-11-13T21:53:46.710+0000] {processor.py:157} INFO - Started process (PID=159) to work on /home/airflow/.local/lib/python3.8/site-packages/airflow/example_dags/example_branch_datetime_operator.py
[2023-11-13T21:53:46.732+0000] {processor.py:829} INFO - Processing file /home/airflow/.local/lib/python3.8/site-packages/airflow/example_dags/example_branch_datetime_operator.py for tasks to queue
[2023-11-13T21:53:46.791+0000] {logging_mixin.py:154} INFO - [2023-11-13T21:53:46.784+0000] {dagbag.py:536} INFO - Filling up the DagBag from /home/airflow/.local/lib/python3.8/site-packages/airflow/example_dags/example_branch_datetime_operator.py
[2023-11-13T21:53:47.218+0000] {processor.py:839} INFO - DAG(s) dict_keys(['example_branch_datetime_operator', 'example_branch_datetime_operator_2', 'example_branch_datetime_operator_3']) retrieved from /home/airflow/.local/lib/python3.8/site-packages/airflow/example_dags/example_branch_datetime_operator.py
[2023-11-13T21:53:48.785+0000] {logging_mixin.py:154} INFO - [2023-11-13T21:53:48.784+0000] {dag.py:2941} INFO - Sync 3 DAGs
[2023-11-13T21:53:50.251+0000] {logging_mixin.py:154} INFO - [2023-11-13T21:53:50.231+0000] {dag.py:3722} INFO - Setting next_dagrun for example_branch_datetime_operator to 2023-11-12T00:00:00+00:00, run_after=2023-11-13T00:00:00+00:00
[2023-11-13T21:53:50.553+0000] {logging_mixin.py:154} INFO - [2023-11-13T21:53:50.533+0000] {dag.py:3722} INFO - Setting next_dagrun for example_branch_datetime_operator_2 to 2023-11-12T00:00:00+00:00, run_after=2023-11-13T00:00:00+00:00
[2023-11-13T21:53:50.802+0000] {logging_mixin.py:154} INFO - [2023-11-13T21:53:50.801+0000] {dag.py:3722} INFO - Setting next_dagrun for example_branch_datetime_operator_3 to 2023-11-12T00:00:00+00:00, run_after=2023-11-13T00:00:00+00:00
[2023-11-13T21:53:52.709+0000] {processor.py:179} INFO - Processing /home/airflow/.local/lib/python3.8/site-packages/airflow/example_dags/example_branch_datetime_operator.py took 6.110 seconds
