[2023-11-13T21:44:45.586+0000] {processor.py:157} INFO - Started process (PID=122) to work on /home/airflow/.local/lib/python3.8/site-packages/airflow/example_dags/example_datasets.py
[2023-11-13T21:44:45.625+0000] {processor.py:829} INFO - Processing file /home/airflow/.local/lib/python3.8/site-packages/airflow/example_dags/example_datasets.py for tasks to queue
[2023-11-13T21:44:45.688+0000] {logging_mixin.py:154} INFO - [2023-11-13T21:44:45.672+0000] {dagbag.py:536} INFO - Filling up the DagBag from /home/airflow/.local/lib/python3.8/site-packages/airflow/example_dags/example_datasets.py
[2023-11-13T21:44:46.077+0000] {processor.py:839} INFO - DAG(s) dict_keys(['dataset_consumes_1_never_scheduled', 'dataset_consumes_unknown_never_scheduled', 'dataset_produces_2', 'dataset_consumes_1', 'dataset_produces_1', 'dataset_consumes_1_and_2']) retrieved from /home/airflow/.local/lib/python3.8/site-packages/airflow/example_dags/example_datasets.py
[2023-11-13T21:44:49.374+0000] {logging_mixin.py:154} INFO - [2023-11-13T21:44:49.373+0000] {manager.py:499} INFO - Created Permission View: %s
[2023-11-13T21:44:49.673+0000] {logging_mixin.py:154} INFO - [2023-11-13T21:44:49.672+0000] {manager.py:499} INFO - Created Permission View: %s
[2023-11-13T21:44:49.820+0000] {logging_mixin.py:154} INFO - [2023-11-13T21:44:49.819+0000] {manager.py:499} INFO - Created Permission View: %s
[2023-11-13T21:44:50.414+0000] {logging_mixin.py:154} INFO - [2023-11-13T21:44:50.410+0000] {manager.py:499} INFO - Created Permission View: %s
[2023-11-13T21:44:50.537+0000] {logging_mixin.py:154} INFO - [2023-11-13T21:44:50.525+0000] {manager.py:499} INFO - Created Permission View: %s
[2023-11-13T21:44:50.661+0000] {logging_mixin.py:154} INFO - [2023-11-13T21:44:50.658+0000] {manager.py:499} INFO - Created Permission View: %s
[2023-11-13T21:44:50.895+0000] {logging_mixin.py:154} INFO - [2023-11-13T21:44:50.894+0000] {manager.py:499} INFO - Created Permission View: %s
[2023-11-13T21:44:51.346+0000] {logging_mixin.py:154} INFO - [2023-11-13T21:44:51.343+0000] {manager.py:499} INFO - Created Permission View: %s
[2023-11-13T21:44:51.746+0000] {logging_mixin.py:154} INFO - [2023-11-13T21:44:51.745+0000] {manager.py:499} INFO - Created Permission View: %s
[2023-11-13T21:44:52.154+0000] {logging_mixin.py:154} INFO - [2023-11-13T21:44:52.107+0000] {manager.py:499} INFO - Created Permission View: %s
[2023-11-13T21:44:52.581+0000] {logging_mixin.py:154} INFO - [2023-11-13T21:44:52.581+0000] {manager.py:499} INFO - Created Permission View: %s
[2023-11-13T21:44:53.296+0000] {logging_mixin.py:154} INFO - [2023-11-13T21:44:53.296+0000] {manager.py:499} INFO - Created Permission View: %s
[2023-11-13T21:44:54.004+0000] {logging_mixin.py:154} INFO - [2023-11-13T21:44:53.990+0000] {manager.py:499} INFO - Created Permission View: %s
[2023-11-13T21:44:54.258+0000] {logging_mixin.py:154} INFO - [2023-11-13T21:44:54.247+0000] {manager.py:499} INFO - Created Permission View: %s
[2023-11-13T21:44:54.390+0000] {logging_mixin.py:154} INFO - [2023-11-13T21:44:54.390+0000] {manager.py:499} INFO - Created Permission View: %s
[2023-11-13T21:44:54.897+0000] {logging_mixin.py:154} INFO - [2023-11-13T21:44:54.896+0000] {manager.py:499} INFO - Created Permission View: %s
[2023-11-13T21:44:55.158+0000] {logging_mixin.py:154} INFO - [2023-11-13T21:44:55.154+0000] {manager.py:499} INFO - Created Permission View: %s
[2023-11-13T21:44:55.415+0000] {logging_mixin.py:154} INFO - [2023-11-13T21:44:55.414+0000] {manager.py:499} INFO - Created Permission View: %s
[2023-11-13T21:44:55.421+0000] {logging_mixin.py:154} INFO - [2023-11-13T21:44:55.419+0000] {dag.py:2941} INFO - Sync 6 DAGs
[2023-11-13T21:44:55.815+0000] {logging_mixin.py:154} INFO - [2023-11-13T21:44:55.805+0000] {dag.py:2963} INFO - Creating ORM DAG for dataset_produces_2
[2023-11-13T21:44:55.822+0000] {logging_mixin.py:154} INFO - [2023-11-13T21:44:55.822+0000] {dag.py:2963} INFO - Creating ORM DAG for dataset_consumes_unknown_never_scheduled
[2023-11-13T21:44:55.839+0000] {logging_mixin.py:154} INFO - [2023-11-13T21:44:55.837+0000] {dag.py:2963} INFO - Creating ORM DAG for dataset_produces_1
[2023-11-13T21:44:55.855+0000] {logging_mixin.py:154} INFO - [2023-11-13T21:44:55.853+0000] {dag.py:2963} INFO - Creating ORM DAG for dataset_consumes_1_and_2
[2023-11-13T21:44:55.876+0000] {logging_mixin.py:154} INFO - [2023-11-13T21:44:55.876+0000] {dag.py:2963} INFO - Creating ORM DAG for dataset_consumes_1
[2023-11-13T21:44:55.885+0000] {logging_mixin.py:154} INFO - [2023-11-13T21:44:55.884+0000] {dag.py:2963} INFO - Creating ORM DAG for dataset_consumes_1_never_scheduled
[2023-11-13T21:44:55.998+0000] {logging_mixin.py:154} INFO - [2023-11-13T21:44:55.998+0000] {dag.py:3722} INFO - Setting next_dagrun for dataset_consumes_1 to None, run_after=None
[2023-11-13T21:44:56.017+0000] {logging_mixin.py:154} INFO - [2023-11-13T21:44:56.017+0000] {dag.py:3722} INFO - Setting next_dagrun for dataset_consumes_1_and_2 to None, run_after=None
[2023-11-13T21:44:56.032+0000] {logging_mixin.py:154} INFO - [2023-11-13T21:44:56.031+0000] {dag.py:3722} INFO - Setting next_dagrun for dataset_consumes_1_never_scheduled to None, run_after=None
[2023-11-13T21:44:56.052+0000] {logging_mixin.py:154} INFO - [2023-11-13T21:44:56.051+0000] {dag.py:3722} INFO - Setting next_dagrun for dataset_consumes_unknown_never_scheduled to None, run_after=None
[2023-11-13T21:44:56.113+0000] {logging_mixin.py:154} INFO - [2023-11-13T21:44:56.111+0000] {dag.py:3722} INFO - Setting next_dagrun for dataset_produces_1 to 2023-11-12T00:00:00+00:00, run_after=2023-11-13T00:00:00+00:00
[2023-11-13T21:44:56.134+0000] {logging_mixin.py:154} INFO - [2023-11-13T21:44:56.133+0000] {dag.py:3722} INFO - Setting next_dagrun for dataset_produces_2 to None, run_after=None
[2023-11-13T21:44:59.902+0000] {processor.py:179} INFO - Processing /home/airflow/.local/lib/python3.8/site-packages/airflow/example_dags/example_datasets.py took 14.430 seconds
[2023-11-13T21:46:43.314+0000] {processor.py:157} INFO - Started process (PID=195) to work on /home/airflow/.local/lib/python3.8/site-packages/airflow/example_dags/example_datasets.py
[2023-11-13T21:46:43.342+0000] {processor.py:829} INFO - Processing file /home/airflow/.local/lib/python3.8/site-packages/airflow/example_dags/example_datasets.py for tasks to queue
[2023-11-13T21:46:43.437+0000] {logging_mixin.py:154} INFO - [2023-11-13T21:46:43.431+0000] {dagbag.py:536} INFO - Filling up the DagBag from /home/airflow/.local/lib/python3.8/site-packages/airflow/example_dags/example_datasets.py
[2023-11-13T21:46:44.048+0000] {processor.py:839} INFO - DAG(s) dict_keys(['dataset_consumes_1_and_2', 'dataset_consumes_unknown_never_scheduled', 'dataset_produces_2', 'dataset_consumes_1_never_scheduled', 'dataset_produces_1', 'dataset_consumes_1']) retrieved from /home/airflow/.local/lib/python3.8/site-packages/airflow/example_dags/example_datasets.py
[2023-11-13T21:46:46.493+0000] {logging_mixin.py:154} INFO - [2023-11-13T21:46:46.492+0000] {dag.py:2941} INFO - Sync 6 DAGs
[2023-11-13T21:46:47.195+0000] {logging_mixin.py:154} INFO - [2023-11-13T21:46:47.194+0000] {dag.py:3722} INFO - Setting next_dagrun for dataset_consumes_1 to None, run_after=None
[2023-11-13T21:46:47.935+0000] {logging_mixin.py:154} INFO - [2023-11-13T21:46:47.934+0000] {dag.py:3722} INFO - Setting next_dagrun for dataset_consumes_1_and_2 to None, run_after=None
[2023-11-13T21:46:47.991+0000] {logging_mixin.py:154} INFO - [2023-11-13T21:46:47.977+0000] {dag.py:3722} INFO - Setting next_dagrun for dataset_consumes_1_never_scheduled to None, run_after=None
[2023-11-13T21:46:48.027+0000] {logging_mixin.py:154} INFO - [2023-11-13T21:46:48.027+0000] {dag.py:3722} INFO - Setting next_dagrun for dataset_consumes_unknown_never_scheduled to None, run_after=None
[2023-11-13T21:46:48.095+0000] {logging_mixin.py:154} INFO - [2023-11-13T21:46:48.094+0000] {dag.py:3722} INFO - Setting next_dagrun for dataset_produces_1 to 2023-11-12T00:00:00+00:00, run_after=2023-11-13T00:00:00+00:00
[2023-11-13T21:46:48.128+0000] {logging_mixin.py:154} INFO - [2023-11-13T21:46:48.127+0000] {dag.py:3722} INFO - Setting next_dagrun for dataset_produces_2 to None, run_after=None
[2023-11-13T21:46:49.185+0000] {processor.py:179} INFO - Processing /home/airflow/.local/lib/python3.8/site-packages/airflow/example_dags/example_datasets.py took 5.899 seconds
[2023-11-13T21:50:27.659+0000] {processor.py:157} INFO - Started process (PID=64) to work on /home/airflow/.local/lib/python3.8/site-packages/airflow/example_dags/example_datasets.py
[2023-11-13T21:50:27.694+0000] {processor.py:829} INFO - Processing file /home/airflow/.local/lib/python3.8/site-packages/airflow/example_dags/example_datasets.py for tasks to queue
[2023-11-13T21:50:27.790+0000] {logging_mixin.py:154} INFO - [2023-11-13T21:50:27.789+0000] {dagbag.py:536} INFO - Filling up the DagBag from /home/airflow/.local/lib/python3.8/site-packages/airflow/example_dags/example_datasets.py
[2023-11-13T21:50:28.780+0000] {processor.py:839} INFO - DAG(s) dict_keys(['dataset_produces_2', 'dataset_consumes_1_and_2', 'dataset_consumes_1_never_scheduled', 'dataset_consumes_unknown_never_scheduled', 'dataset_consumes_1', 'dataset_produces_1']) retrieved from /home/airflow/.local/lib/python3.8/site-packages/airflow/example_dags/example_datasets.py
[2023-11-13T21:50:31.378+0000] {logging_mixin.py:154} INFO - [2023-11-13T21:50:31.370+0000] {dag.py:2941} INFO - Sync 6 DAGs
[2023-11-13T21:50:32.706+0000] {logging_mixin.py:154} INFO - [2023-11-13T21:50:32.706+0000] {dag.py:3722} INFO - Setting next_dagrun for dataset_consumes_1 to None, run_after=None
[2023-11-13T21:50:32.911+0000] {logging_mixin.py:154} INFO - [2023-11-13T21:50:32.890+0000] {dag.py:3722} INFO - Setting next_dagrun for dataset_consumes_1_and_2 to None, run_after=None
[2023-11-13T21:50:32.994+0000] {logging_mixin.py:154} INFO - [2023-11-13T21:50:32.978+0000] {dag.py:3722} INFO - Setting next_dagrun for dataset_consumes_1_never_scheduled to None, run_after=None
[2023-11-13T21:50:33.141+0000] {logging_mixin.py:154} INFO - [2023-11-13T21:50:33.127+0000] {dag.py:3722} INFO - Setting next_dagrun for dataset_consumes_unknown_never_scheduled to None, run_after=None
[2023-11-13T21:50:33.339+0000] {logging_mixin.py:154} INFO - [2023-11-13T21:50:33.339+0000] {dag.py:3722} INFO - Setting next_dagrun for dataset_produces_1 to 2023-11-12T00:00:00+00:00, run_after=2023-11-13T00:00:00+00:00
[2023-11-13T21:50:33.384+0000] {logging_mixin.py:154} INFO - [2023-11-13T21:50:33.383+0000] {dag.py:3722} INFO - Setting next_dagrun for dataset_produces_2 to None, run_after=None
[2023-11-13T21:50:35.269+0000] {processor.py:179} INFO - Processing /home/airflow/.local/lib/python3.8/site-packages/airflow/example_dags/example_datasets.py took 7.840 seconds
[2023-11-13T21:53:32.382+0000] {processor.py:157} INFO - Started process (PID=146) to work on /home/airflow/.local/lib/python3.8/site-packages/airflow/example_dags/example_datasets.py
[2023-11-13T21:53:32.392+0000] {processor.py:829} INFO - Processing file /home/airflow/.local/lib/python3.8/site-packages/airflow/example_dags/example_datasets.py for tasks to queue
[2023-11-13T21:53:32.413+0000] {logging_mixin.py:154} INFO - [2023-11-13T21:53:32.412+0000] {dagbag.py:536} INFO - Filling up the DagBag from /home/airflow/.local/lib/python3.8/site-packages/airflow/example_dags/example_datasets.py
[2023-11-13T21:53:32.511+0000] {processor.py:839} INFO - DAG(s) dict_keys(['dataset_consumes_1', 'dataset_produces_1', 'dataset_consumes_1_never_scheduled', 'dataset_produces_2', 'dataset_consumes_1_and_2', 'dataset_consumes_unknown_never_scheduled']) retrieved from /home/airflow/.local/lib/python3.8/site-packages/airflow/example_dags/example_datasets.py
[2023-11-13T21:53:32.902+0000] {logging_mixin.py:154} INFO - [2023-11-13T21:53:32.897+0000] {dag.py:2941} INFO - Sync 6 DAGs
[2023-11-13T21:53:33.620+0000] {logging_mixin.py:154} INFO - [2023-11-13T21:53:33.619+0000] {dag.py:3722} INFO - Setting next_dagrun for dataset_consumes_1 to None, run_after=None
[2023-11-13T21:53:33.698+0000] {logging_mixin.py:154} INFO - [2023-11-13T21:53:33.677+0000] {dag.py:3722} INFO - Setting next_dagrun for dataset_consumes_1_and_2 to None, run_after=None
[2023-11-13T21:53:33.725+0000] {logging_mixin.py:154} INFO - [2023-11-13T21:53:33.724+0000] {dag.py:3722} INFO - Setting next_dagrun for dataset_consumes_1_never_scheduled to None, run_after=None
[2023-11-13T21:53:33.775+0000] {logging_mixin.py:154} INFO - [2023-11-13T21:53:33.774+0000] {dag.py:3722} INFO - Setting next_dagrun for dataset_consumes_unknown_never_scheduled to None, run_after=None
[2023-11-13T21:53:33.861+0000] {logging_mixin.py:154} INFO - [2023-11-13T21:53:33.842+0000] {dag.py:3722} INFO - Setting next_dagrun for dataset_produces_1 to 2023-11-12T00:00:00+00:00, run_after=2023-11-13T00:00:00+00:00
[2023-11-13T21:53:33.891+0000] {logging_mixin.py:154} INFO - [2023-11-13T21:53:33.886+0000] {dag.py:3722} INFO - Setting next_dagrun for dataset_produces_2 to None, run_after=None
[2023-11-13T21:53:34.555+0000] {processor.py:179} INFO - Processing /home/airflow/.local/lib/python3.8/site-packages/airflow/example_dags/example_datasets.py took 2.210 seconds
