[2023-11-13T21:45:44.119+0000] {processor.py:157} INFO - Started process (PID=147) to work on /home/airflow/.local/lib/python3.8/site-packages/airflow/example_dags/example_nested_branch_dag.py
[2023-11-13T21:45:44.145+0000] {processor.py:829} INFO - Processing file /home/airflow/.local/lib/python3.8/site-packages/airflow/example_dags/example_nested_branch_dag.py for tasks to queue
[2023-11-13T21:45:44.180+0000] {logging_mixin.py:154} INFO - [2023-11-13T21:45:44.168+0000] {dagbag.py:536} INFO - Filling up the DagBag from /home/airflow/.local/lib/python3.8/site-packages/airflow/example_dags/example_nested_branch_dag.py
[2023-11-13T21:45:44.274+0000] {processor.py:839} INFO - DAG(s) dict_keys(['example_nested_branch_dag']) retrieved from /home/airflow/.local/lib/python3.8/site-packages/airflow/example_dags/example_nested_branch_dag.py
[2023-11-13T21:45:45.525+0000] {logging_mixin.py:154} INFO - [2023-11-13T21:45:45.524+0000] {manager.py:499} INFO - Created Permission View: %s
[2023-11-13T21:45:45.576+0000] {logging_mixin.py:154} INFO - [2023-11-13T21:45:45.575+0000] {manager.py:499} INFO - Created Permission View: %s
[2023-11-13T21:45:45.623+0000] {logging_mixin.py:154} INFO - [2023-11-13T21:45:45.622+0000] {manager.py:499} INFO - Created Permission View: %s
[2023-11-13T21:45:45.629+0000] {logging_mixin.py:154} INFO - [2023-11-13T21:45:45.627+0000] {dag.py:2941} INFO - Sync 1 DAGs
[2023-11-13T21:45:45.762+0000] {logging_mixin.py:154} INFO - [2023-11-13T21:45:45.762+0000] {dag.py:2963} INFO - Creating ORM DAG for example_nested_branch_dag
[2023-11-13T21:45:45.885+0000] {logging_mixin.py:154} INFO - [2023-11-13T21:45:45.880+0000] {dag.py:3722} INFO - Setting next_dagrun for example_nested_branch_dag to 2023-11-12T00:00:00+00:00, run_after=2023-11-13T00:00:00+00:00
[2023-11-13T21:45:46.102+0000] {processor.py:179} INFO - Processing /home/airflow/.local/lib/python3.8/site-packages/airflow/example_dags/example_nested_branch_dag.py took 2.027 seconds
[2023-11-13T21:51:08.628+0000] {processor.py:157} INFO - Started process (PID=83) to work on /home/airflow/.local/lib/python3.8/site-packages/airflow/example_dags/example_nested_branch_dag.py
[2023-11-13T21:51:08.733+0000] {processor.py:829} INFO - Processing file /home/airflow/.local/lib/python3.8/site-packages/airflow/example_dags/example_nested_branch_dag.py for tasks to queue
[2023-11-13T21:51:08.943+0000] {logging_mixin.py:154} INFO - [2023-11-13T21:51:08.914+0000] {dagbag.py:536} INFO - Filling up the DagBag from /home/airflow/.local/lib/python3.8/site-packages/airflow/example_dags/example_nested_branch_dag.py
[2023-11-13T21:51:09.310+0000] {processor.py:839} INFO - DAG(s) dict_keys(['example_nested_branch_dag']) retrieved from /home/airflow/.local/lib/python3.8/site-packages/airflow/example_dags/example_nested_branch_dag.py
[2023-11-13T21:51:10.387+0000] {logging_mixin.py:154} INFO - [2023-11-13T21:51:10.371+0000] {dag.py:2941} INFO - Sync 1 DAGs
[2023-11-13T21:51:11.567+0000] {logging_mixin.py:154} INFO - [2023-11-13T21:51:11.539+0000] {dag.py:3722} INFO - Setting next_dagrun for example_nested_branch_dag to 2023-11-12T00:00:00+00:00, run_after=2023-11-13T00:00:00+00:00
[2023-11-13T21:51:12.429+0000] {processor.py:179} INFO - Processing /home/airflow/.local/lib/python3.8/site-packages/airflow/example_dags/example_nested_branch_dag.py took 4.027 seconds
[2023-11-13T21:54:13.776+0000] {processor.py:157} INFO - Started process (PID=171) to work on /home/airflow/.local/lib/python3.8/site-packages/airflow/example_dags/example_nested_branch_dag.py
[2023-11-13T21:54:13.958+0000] {processor.py:829} INFO - Processing file /home/airflow/.local/lib/python3.8/site-packages/airflow/example_dags/example_nested_branch_dag.py for tasks to queue
[2023-11-13T21:54:14.203+0000] {logging_mixin.py:154} INFO - [2023-11-13T21:54:14.202+0000] {dagbag.py:536} INFO - Filling up the DagBag from /home/airflow/.local/lib/python3.8/site-packages/airflow/example_dags/example_nested_branch_dag.py
[2023-11-13T21:54:15.073+0000] {processor.py:839} INFO - DAG(s) dict_keys(['example_nested_branch_dag']) retrieved from /home/airflow/.local/lib/python3.8/site-packages/airflow/example_dags/example_nested_branch_dag.py
[2023-11-13T21:54:16.693+0000] {logging_mixin.py:154} INFO - [2023-11-13T21:54:16.687+0000] {dag.py:2941} INFO - Sync 1 DAGs
[2023-11-13T21:54:18.082+0000] {logging_mixin.py:154} INFO - [2023-11-13T21:54:18.081+0000] {dag.py:3722} INFO - Setting next_dagrun for example_nested_branch_dag to 2023-11-12T00:00:00+00:00, run_after=2023-11-13T00:00:00+00:00
[2023-11-13T21:54:19.240+0000] {processor.py:179} INFO - Processing /home/airflow/.local/lib/python3.8/site-packages/airflow/example_dags/example_nested_branch_dag.py took 5.794 seconds
