[2023-11-13T21:45:29.793+0000] {processor.py:157} INFO - Started process (PID=138) to work on /home/airflow/.local/lib/python3.8/site-packages/airflow/example_dags/example_short_circuit_decorator.py
[2023-11-13T21:45:29.847+0000] {processor.py:829} INFO - Processing file /home/airflow/.local/lib/python3.8/site-packages/airflow/example_dags/example_short_circuit_decorator.py for tasks to queue
[2023-11-13T21:45:29.981+0000] {logging_mixin.py:154} INFO - [2023-11-13T21:45:29.977+0000] {dagbag.py:536} INFO - Filling up the DagBag from /home/airflow/.local/lib/python3.8/site-packages/airflow/example_dags/example_short_circuit_decorator.py
[2023-11-13T21:45:30.800+0000] {processor.py:839} INFO - DAG(s) dict_keys(['example_short_circuit_decorator']) retrieved from /home/airflow/.local/lib/python3.8/site-packages/airflow/example_dags/example_short_circuit_decorator.py
[2023-11-13T21:45:37.891+0000] {logging_mixin.py:154} INFO - [2023-11-13T21:45:37.891+0000] {manager.py:499} INFO - Created Permission View: %s
[2023-11-13T21:45:38.367+0000] {logging_mixin.py:154} INFO - [2023-11-13T21:45:38.359+0000] {manager.py:499} INFO - Created Permission View: %s
[2023-11-13T21:45:38.662+0000] {logging_mixin.py:154} INFO - [2023-11-13T21:45:38.661+0000] {manager.py:499} INFO - Created Permission View: %s
[2023-11-13T21:45:38.676+0000] {logging_mixin.py:154} INFO - [2023-11-13T21:45:38.676+0000] {dag.py:2941} INFO - Sync 1 DAGs
[2023-11-13T21:45:39.205+0000] {logging_mixin.py:154} INFO - [2023-11-13T21:45:39.205+0000] {dag.py:2963} INFO - Creating ORM DAG for example_short_circuit_decorator
[2023-11-13T21:45:39.317+0000] {logging_mixin.py:154} INFO - [2023-11-13T21:45:39.312+0000] {dag.py:3722} INFO - Setting next_dagrun for example_short_circuit_decorator to 2023-11-12T21:45:39.311233+00:00, run_after=2023-11-13T21:45:39.311233+00:00
[2023-11-13T21:45:39.796+0000] {processor.py:179} INFO - Processing /home/airflow/.local/lib/python3.8/site-packages/airflow/example_dags/example_short_circuit_decorator.py took 10.218 seconds
[2023-11-13T21:47:02.434+0000] {processor.py:157} INFO - Started process (PID=204) to work on /home/airflow/.local/lib/python3.8/site-packages/airflow/example_dags/example_short_circuit_decorator.py
[2023-11-13T21:47:02.439+0000] {processor.py:829} INFO - Processing file /home/airflow/.local/lib/python3.8/site-packages/airflow/example_dags/example_short_circuit_decorator.py for tasks to queue
[2023-11-13T21:47:02.456+0000] {logging_mixin.py:154} INFO - [2023-11-13T21:47:02.455+0000] {dagbag.py:536} INFO - Filling up the DagBag from /home/airflow/.local/lib/python3.8/site-packages/airflow/example_dags/example_short_circuit_decorator.py
[2023-11-13T21:47:02.646+0000] {processor.py:839} INFO - DAG(s) dict_keys(['example_short_circuit_decorator']) retrieved from /home/airflow/.local/lib/python3.8/site-packages/airflow/example_dags/example_short_circuit_decorator.py
[2023-11-13T21:47:02.959+0000] {logging_mixin.py:154} INFO - [2023-11-13T21:47:02.959+0000] {dag.py:2941} INFO - Sync 1 DAGs
[2023-11-13T21:47:03.143+0000] {logging_mixin.py:154} INFO - [2023-11-13T21:47:03.142+0000] {dag.py:3722} INFO - Setting next_dagrun for example_short_circuit_decorator to 2023-11-12T21:47:03.142242+00:00, run_after=2023-11-13T21:47:03.142242+00:00
[2023-11-13T21:47:03.547+0000] {processor.py:179} INFO - Processing /home/airflow/.local/lib/python3.8/site-packages/airflow/example_dags/example_short_circuit_decorator.py took 1.140 seconds
[2023-11-13T21:51:00.275+0000] {processor.py:157} INFO - Started process (PID=80) to work on /home/airflow/.local/lib/python3.8/site-packages/airflow/example_dags/example_short_circuit_decorator.py
[2023-11-13T21:51:00.328+0000] {processor.py:829} INFO - Processing file /home/airflow/.local/lib/python3.8/site-packages/airflow/example_dags/example_short_circuit_decorator.py for tasks to queue
[2023-11-13T21:51:00.468+0000] {logging_mixin.py:154} INFO - [2023-11-13T21:51:00.467+0000] {dagbag.py:536} INFO - Filling up the DagBag from /home/airflow/.local/lib/python3.8/site-packages/airflow/example_dags/example_short_circuit_decorator.py
[2023-11-13T21:51:01.070+0000] {processor.py:839} INFO - DAG(s) dict_keys(['example_short_circuit_decorator']) retrieved from /home/airflow/.local/lib/python3.8/site-packages/airflow/example_dags/example_short_circuit_decorator.py
[2023-11-13T21:51:02.098+0000] {logging_mixin.py:154} INFO - [2023-11-13T21:51:02.084+0000] {dag.py:2941} INFO - Sync 1 DAGs
[2023-11-13T21:51:03.362+0000] {logging_mixin.py:154} INFO - [2023-11-13T21:51:03.361+0000] {dag.py:3722} INFO - Setting next_dagrun for example_short_circuit_decorator to 2023-11-12T21:51:03.336650+00:00, run_after=2023-11-13T21:51:03.336650+00:00
[2023-11-13T21:51:04.345+0000] {processor.py:179} INFO - Processing /home/airflow/.local/lib/python3.8/site-packages/airflow/example_dags/example_short_circuit_decorator.py took 4.290 seconds
