[2023-11-13T21:45:00.793+0000] {processor.py:157} INFO - Started process (PID=125) to work on /home/airflow/.local/lib/python3.8/site-packages/airflow/example_dags/example_sensors.py
[2023-11-13T21:45:00.800+0000] {processor.py:829} INFO - Processing file /home/airflow/.local/lib/python3.8/site-packages/airflow/example_dags/example_sensors.py for tasks to queue
[2023-11-13T21:45:00.835+0000] {logging_mixin.py:154} INFO - [2023-11-13T21:45:00.826+0000] {dagbag.py:536} INFO - Filling up the DagBag from /home/airflow/.local/lib/python3.8/site-packages/airflow/example_dags/example_sensors.py
[2023-11-13T21:45:01.343+0000] {processor.py:839} INFO - DAG(s) dict_keys(['example_sensors']) retrieved from /home/airflow/.local/lib/python3.8/site-packages/airflow/example_dags/example_sensors.py
[2023-11-13T21:45:06.211+0000] {logging_mixin.py:154} INFO - [2023-11-13T21:45:06.211+0000] {manager.py:499} INFO - Created Permission View: %s
[2023-11-13T21:45:07.221+0000] {logging_mixin.py:154} INFO - [2023-11-13T21:45:07.207+0000] {manager.py:499} INFO - Created Permission View: %s
[2023-11-13T21:45:07.548+0000] {logging_mixin.py:154} INFO - [2023-11-13T21:45:07.519+0000] {manager.py:499} INFO - Created Permission View: %s
[2023-11-13T21:45:07.571+0000] {logging_mixin.py:154} INFO - [2023-11-13T21:45:07.562+0000] {dag.py:2941} INFO - Sync 1 DAGs
[2023-11-13T21:45:07.741+0000] {logging_mixin.py:154} INFO - [2023-11-13T21:45:07.741+0000] {dag.py:2963} INFO - Creating ORM DAG for example_sensors
[2023-11-13T21:45:07.766+0000] {logging_mixin.py:154} INFO - [2023-11-13T21:45:07.764+0000] {dag.py:3722} INFO - Setting next_dagrun for example_sensors to None, run_after=None
[2023-11-13T21:45:08.109+0000] {processor.py:179} INFO - Processing /home/airflow/.local/lib/python3.8/site-packages/airflow/example_dags/example_sensors.py took 7.389 seconds
[2023-11-13T21:46:53.623+0000] {processor.py:157} INFO - Started process (PID=198) to work on /home/airflow/.local/lib/python3.8/site-packages/airflow/example_dags/example_sensors.py
[2023-11-13T21:46:53.803+0000] {processor.py:829} INFO - Processing file /home/airflow/.local/lib/python3.8/site-packages/airflow/example_dags/example_sensors.py for tasks to queue
[2023-11-13T21:46:53.819+0000] {logging_mixin.py:154} INFO - [2023-11-13T21:46:53.819+0000] {dagbag.py:536} INFO - Filling up the DagBag from /home/airflow/.local/lib/python3.8/site-packages/airflow/example_dags/example_sensors.py
[2023-11-13T21:46:54.265+0000] {processor.py:839} INFO - DAG(s) dict_keys(['example_sensors']) retrieved from /home/airflow/.local/lib/python3.8/site-packages/airflow/example_dags/example_sensors.py
[2023-11-13T21:46:55.889+0000] {logging_mixin.py:154} INFO - [2023-11-13T21:46:55.880+0000] {dag.py:2941} INFO - Sync 1 DAGs
[2023-11-13T21:46:56.169+0000] {logging_mixin.py:154} INFO - [2023-11-13T21:46:56.168+0000] {dag.py:3722} INFO - Setting next_dagrun for example_sensors to None, run_after=None
[2023-11-13T21:46:56.494+0000] {processor.py:179} INFO - Processing /home/airflow/.local/lib/python3.8/site-packages/airflow/example_dags/example_sensors.py took 2.998 seconds
[2023-11-13T21:50:37.716+0000] {processor.py:157} INFO - Started process (PID=67) to work on /home/airflow/.local/lib/python3.8/site-packages/airflow/example_dags/example_sensors.py
[2023-11-13T21:50:37.757+0000] {processor.py:829} INFO - Processing file /home/airflow/.local/lib/python3.8/site-packages/airflow/example_dags/example_sensors.py for tasks to queue
[2023-11-13T21:50:38.152+0000] {logging_mixin.py:154} INFO - [2023-11-13T21:50:38.151+0000] {dagbag.py:536} INFO - Filling up the DagBag from /home/airflow/.local/lib/python3.8/site-packages/airflow/example_dags/example_sensors.py
[2023-11-13T21:50:39.374+0000] {processor.py:839} INFO - DAG(s) dict_keys(['example_sensors']) retrieved from /home/airflow/.local/lib/python3.8/site-packages/airflow/example_dags/example_sensors.py
[2023-11-13T21:50:42.326+0000] {logging_mixin.py:154} INFO - [2023-11-13T21:50:42.323+0000] {dag.py:2941} INFO - Sync 1 DAGs
[2023-11-13T21:50:42.524+0000] {logging_mixin.py:154} INFO - [2023-11-13T21:50:42.521+0000] {dag.py:3722} INFO - Setting next_dagrun for example_sensors to None, run_after=None
[2023-11-13T21:50:43.151+0000] {processor.py:179} INFO - Processing /home/airflow/.local/lib/python3.8/site-packages/airflow/example_dags/example_sensors.py took 5.820 seconds
