[2023-11-13T21:45:38.273+0000] {processor.py:157} INFO - Started process (PID=145) to work on /home/airflow/.local/lib/python3.8/site-packages/airflow/example_dags/example_dag_decorator.py
[2023-11-13T21:45:38.295+0000] {processor.py:829} INFO - Processing file /home/airflow/.local/lib/python3.8/site-packages/airflow/example_dags/example_dag_decorator.py for tasks to queue
[2023-11-13T21:45:38.335+0000] {logging_mixin.py:154} INFO - [2023-11-13T21:45:38.318+0000] {dagbag.py:536} INFO - Filling up the DagBag from /home/airflow/.local/lib/python3.8/site-packages/airflow/example_dags/example_dag_decorator.py
[2023-11-13T21:45:42.389+0000] {processor.py:839} INFO - DAG(s) dict_keys(['example_dag_decorator']) retrieved from /home/airflow/.local/lib/python3.8/site-packages/airflow/example_dags/example_dag_decorator.py
[2023-11-13T21:45:43.997+0000] {logging_mixin.py:154} INFO - [2023-11-13T21:45:43.997+0000] {manager.py:499} INFO - Created Permission View: %s
[2023-11-13T21:45:44.107+0000] {logging_mixin.py:154} INFO - [2023-11-13T21:45:44.106+0000] {manager.py:499} INFO - Created Permission View: %s
[2023-11-13T21:45:44.197+0000] {logging_mixin.py:154} INFO - [2023-11-13T21:45:44.193+0000] {manager.py:499} INFO - Created Permission View: %s
[2023-11-13T21:45:44.200+0000] {logging_mixin.py:154} INFO - [2023-11-13T21:45:44.200+0000] {dag.py:2941} INFO - Sync 1 DAGs
[2023-11-13T21:45:44.261+0000] {logging_mixin.py:154} INFO - [2023-11-13T21:45:44.261+0000] {dag.py:2963} INFO - Creating ORM DAG for example_dag_decorator
[2023-11-13T21:45:44.281+0000] {logging_mixin.py:154} INFO - [2023-11-13T21:45:44.280+0000] {dag.py:3722} INFO - Setting next_dagrun for example_dag_decorator to None, run_after=None
[2023-11-13T21:45:45.749+0000] {processor.py:179} INFO - Processing /home/airflow/.local/lib/python3.8/site-packages/airflow/example_dags/example_dag_decorator.py took 7.562 seconds
[2023-11-13T21:47:03.625+0000] {processor.py:157} INFO - Started process (PID=205) to work on /home/airflow/.local/lib/python3.8/site-packages/airflow/example_dags/example_dag_decorator.py
[2023-11-13T21:47:03.633+0000] {processor.py:829} INFO - Processing file /home/airflow/.local/lib/python3.8/site-packages/airflow/example_dags/example_dag_decorator.py for tasks to queue
[2023-11-13T21:47:03.673+0000] {logging_mixin.py:154} INFO - [2023-11-13T21:47:03.668+0000] {dagbag.py:536} INFO - Filling up the DagBag from /home/airflow/.local/lib/python3.8/site-packages/airflow/example_dags/example_dag_decorator.py
[2023-11-13T21:47:04.907+0000] {processor.py:839} INFO - DAG(s) dict_keys(['example_dag_decorator']) retrieved from /home/airflow/.local/lib/python3.8/site-packages/airflow/example_dags/example_dag_decorator.py
[2023-11-13T21:51:03.812+0000] {processor.py:157} INFO - Started process (PID=81) to work on /home/airflow/.local/lib/python3.8/site-packages/airflow/example_dags/example_dag_decorator.py
[2023-11-13T21:51:03.835+0000] {processor.py:829} INFO - Processing file /home/airflow/.local/lib/python3.8/site-packages/airflow/example_dags/example_dag_decorator.py for tasks to queue
[2023-11-13T21:51:04.076+0000] {logging_mixin.py:154} INFO - [2023-11-13T21:51:04.044+0000] {dagbag.py:536} INFO - Filling up the DagBag from /home/airflow/.local/lib/python3.8/site-packages/airflow/example_dags/example_dag_decorator.py
[2023-11-13T21:51:08.949+0000] {processor.py:839} INFO - DAG(s) dict_keys(['example_dag_decorator']) retrieved from /home/airflow/.local/lib/python3.8/site-packages/airflow/example_dags/example_dag_decorator.py
[2023-11-13T21:51:13.924+0000] {logging_mixin.py:154} INFO - [2023-11-13T21:51:13.924+0000] {dag.py:2941} INFO - Sync 1 DAGs
[2023-11-13T21:51:14.369+0000] {logging_mixin.py:154} INFO - [2023-11-13T21:51:14.369+0000] {dag.py:3722} INFO - Setting next_dagrun for example_dag_decorator to None, run_after=None
[2023-11-13T21:51:15.437+0000] {processor.py:179} INFO - Processing /home/airflow/.local/lib/python3.8/site-packages/airflow/example_dags/example_dag_decorator.py took 11.826 seconds
