[2023-11-13T21:44:21.850+0000] {processor.py:157} INFO - Started process (PID=110) to work on /home/airflow/.local/lib/python3.8/site-packages/airflow/example_dags/example_dynamic_task_mapping_with_no_taskflow_operators.py
[2023-11-13T21:44:21.959+0000] {processor.py:829} INFO - Processing file /home/airflow/.local/lib/python3.8/site-packages/airflow/example_dags/example_dynamic_task_mapping_with_no_taskflow_operators.py for tasks to queue
[2023-11-13T21:44:22.126+0000] {logging_mixin.py:154} INFO - [2023-11-13T21:44:22.122+0000] {dagbag.py:536} INFO - Filling up the DagBag from /home/airflow/.local/lib/python3.8/site-packages/airflow/example_dags/example_dynamic_task_mapping_with_no_taskflow_operators.py
[2023-11-13T21:44:22.314+0000] {processor.py:839} INFO - DAG(s) dict_keys(['example_dynamic_task_mapping_with_no_taskflow_operators']) retrieved from /home/airflow/.local/lib/python3.8/site-packages/airflow/example_dags/example_dynamic_task_mapping_with_no_taskflow_operators.py
[2023-11-13T21:44:29.117+0000] {logging_mixin.py:154} INFO - [2023-11-13T21:44:29.117+0000] {manager.py:499} INFO - Created Permission View: %s
[2023-11-13T21:44:29.632+0000] {logging_mixin.py:154} INFO - [2023-11-13T21:44:29.631+0000] {manager.py:499} INFO - Created Permission View: %s
[2023-11-13T21:44:29.973+0000] {logging_mixin.py:154} INFO - [2023-11-13T21:44:29.946+0000] {manager.py:499} INFO - Created Permission View: %s
[2023-11-13T21:44:29.981+0000] {logging_mixin.py:154} INFO - [2023-11-13T21:44:29.981+0000] {dag.py:2941} INFO - Sync 1 DAGs
[2023-11-13T21:44:30.200+0000] {logging_mixin.py:154} INFO - [2023-11-13T21:44:30.199+0000] {dag.py:2963} INFO - Creating ORM DAG for example_dynamic_task_mapping_with_no_taskflow_operators
[2023-11-13T21:44:31.530+0000] {logging_mixin.py:154} INFO - [2023-11-13T21:44:31.530+0000] {dag.py:3722} INFO - Setting next_dagrun for example_dynamic_task_mapping_with_no_taskflow_operators to 2023-11-12T21:44:31.525457+00:00, run_after=2023-11-13T21:44:31.525457+00:00
[2023-11-13T21:44:33.130+0000] {processor.py:179} INFO - Processing /home/airflow/.local/lib/python3.8/site-packages/airflow/example_dags/example_dynamic_task_mapping_with_no_taskflow_operators.py took 11.382 seconds
[2023-11-13T21:46:35.286+0000] {processor.py:157} INFO - Started process (PID=184) to work on /home/airflow/.local/lib/python3.8/site-packages/airflow/example_dags/example_dynamic_task_mapping_with_no_taskflow_operators.py
[2023-11-13T21:46:35.361+0000] {processor.py:829} INFO - Processing file /home/airflow/.local/lib/python3.8/site-packages/airflow/example_dags/example_dynamic_task_mapping_with_no_taskflow_operators.py for tasks to queue
[2023-11-13T21:46:35.598+0000] {logging_mixin.py:154} INFO - [2023-11-13T21:46:35.598+0000] {dagbag.py:536} INFO - Filling up the DagBag from /home/airflow/.local/lib/python3.8/site-packages/airflow/example_dags/example_dynamic_task_mapping_with_no_taskflow_operators.py
[2023-11-13T21:46:35.693+0000] {processor.py:839} INFO - DAG(s) dict_keys(['example_dynamic_task_mapping_with_no_taskflow_operators']) retrieved from /home/airflow/.local/lib/python3.8/site-packages/airflow/example_dags/example_dynamic_task_mapping_with_no_taskflow_operators.py
[2023-11-13T21:46:36.018+0000] {logging_mixin.py:154} INFO - [2023-11-13T21:46:36.018+0000] {dag.py:2941} INFO - Sync 1 DAGs
[2023-11-13T21:46:36.283+0000] {logging_mixin.py:154} INFO - [2023-11-13T21:46:36.282+0000] {dag.py:3722} INFO - Setting next_dagrun for example_dynamic_task_mapping_with_no_taskflow_operators to 2023-11-12T21:46:36.282278+00:00, run_after=2023-11-13T21:46:36.282278+00:00
[2023-11-13T21:46:36.460+0000] {processor.py:179} INFO - Processing /home/airflow/.local/lib/python3.8/site-packages/airflow/example_dags/example_dynamic_task_mapping_with_no_taskflow_operators.py took 1.287 seconds
[2023-11-13T21:50:12.638+0000] {processor.py:157} INFO - Started process (PID=58) to work on /home/airflow/.local/lib/python3.8/site-packages/airflow/example_dags/example_dynamic_task_mapping_with_no_taskflow_operators.py
[2023-11-13T21:50:12.711+0000] {processor.py:829} INFO - Processing file /home/airflow/.local/lib/python3.8/site-packages/airflow/example_dags/example_dynamic_task_mapping_with_no_taskflow_operators.py for tasks to queue
[2023-11-13T21:50:12.927+0000] {logging_mixin.py:154} INFO - [2023-11-13T21:50:12.920+0000] {dagbag.py:536} INFO - Filling up the DagBag from /home/airflow/.local/lib/python3.8/site-packages/airflow/example_dags/example_dynamic_task_mapping_with_no_taskflow_operators.py
[2023-11-13T21:50:13.521+0000] {processor.py:839} INFO - DAG(s) dict_keys(['example_dynamic_task_mapping_with_no_taskflow_operators']) retrieved from /home/airflow/.local/lib/python3.8/site-packages/airflow/example_dags/example_dynamic_task_mapping_with_no_taskflow_operators.py
[2023-11-13T21:50:14.950+0000] {logging_mixin.py:154} INFO - [2023-11-13T21:50:14.915+0000] {dag.py:2941} INFO - Sync 1 DAGs
[2023-11-13T21:50:16.076+0000] {logging_mixin.py:154} INFO - [2023-11-13T21:50:16.076+0000] {dag.py:3722} INFO - Setting next_dagrun for example_dynamic_task_mapping_with_no_taskflow_operators to 2023-11-12T21:50:16.059878+00:00, run_after=2023-11-13T21:50:16.059878+00:00
[2023-11-13T21:50:16.840+0000] {processor.py:179} INFO - Processing /home/airflow/.local/lib/python3.8/site-packages/airflow/example_dags/example_dynamic_task_mapping_with_no_taskflow_operators.py took 4.391 seconds
