[2023-11-13T21:45:54.065+0000] {processor.py:157} INFO - Started process (PID=152) to work on /home/airflow/.local/lib/python3.8/site-packages/airflow/example_dags/example_branch_python_dop_operator_3.py
[2023-11-13T21:45:54.149+0000] {processor.py:829} INFO - Processing file /home/airflow/.local/lib/python3.8/site-packages/airflow/example_dags/example_branch_python_dop_operator_3.py for tasks to queue
[2023-11-13T21:45:54.184+0000] {logging_mixin.py:154} INFO - [2023-11-13T21:45:54.183+0000] {dagbag.py:536} INFO - Filling up the DagBag from /home/airflow/.local/lib/python3.8/site-packages/airflow/example_dags/example_branch_python_dop_operator_3.py
[2023-11-13T21:45:54.299+0000] {processor.py:839} INFO - DAG(s) dict_keys(['example_branch_dop_operator_v3']) retrieved from /home/airflow/.local/lib/python3.8/site-packages/airflow/example_dags/example_branch_python_dop_operator_3.py
[2023-11-13T21:45:56.096+0000] {logging_mixin.py:154} INFO - [2023-11-13T21:45:56.096+0000] {manager.py:499} INFO - Created Permission View: %s
[2023-11-13T21:45:56.252+0000] {logging_mixin.py:154} INFO - [2023-11-13T21:45:56.251+0000] {manager.py:499} INFO - Created Permission View: %s
[2023-11-13T21:45:56.385+0000] {logging_mixin.py:154} INFO - [2023-11-13T21:45:56.385+0000] {manager.py:499} INFO - Created Permission View: %s
[2023-11-13T21:45:56.398+0000] {logging_mixin.py:154} INFO - [2023-11-13T21:45:56.396+0000] {dag.py:2941} INFO - Sync 1 DAGs
[2023-11-13T21:45:56.511+0000] {logging_mixin.py:154} INFO - [2023-11-13T21:45:56.511+0000] {dag.py:2963} INFO - Creating ORM DAG for example_branch_dop_operator_v3
[2023-11-13T21:45:56.633+0000] {logging_mixin.py:154} INFO - [2023-11-13T21:45:56.633+0000] {dag.py:3722} INFO - Setting next_dagrun for example_branch_dop_operator_v3 to 2023-11-13T21:44:00+00:00, run_after=2023-11-13T21:45:00+00:00
[2023-11-13T21:45:56.839+0000] {processor.py:179} INFO - Processing /home/airflow/.local/lib/python3.8/site-packages/airflow/example_dags/example_branch_python_dop_operator_3.py took 2.811 seconds
[2023-11-13T21:51:27.882+0000] {processor.py:157} INFO - Started process (PID=95) to work on /home/airflow/.local/lib/python3.8/site-packages/airflow/example_dags/example_branch_python_dop_operator_3.py
[2023-11-13T21:51:27.930+0000] {processor.py:829} INFO - Processing file /home/airflow/.local/lib/python3.8/site-packages/airflow/example_dags/example_branch_python_dop_operator_3.py for tasks to queue
[2023-11-13T21:51:28.032+0000] {logging_mixin.py:154} INFO - [2023-11-13T21:51:28.010+0000] {dagbag.py:536} INFO - Filling up the DagBag from /home/airflow/.local/lib/python3.8/site-packages/airflow/example_dags/example_branch_python_dop_operator_3.py
[2023-11-13T21:51:28.461+0000] {processor.py:839} INFO - DAG(s) dict_keys(['example_branch_dop_operator_v3']) retrieved from /home/airflow/.local/lib/python3.8/site-packages/airflow/example_dags/example_branch_python_dop_operator_3.py
[2023-11-13T21:51:29.355+0000] {logging_mixin.py:154} INFO - [2023-11-13T21:51:29.331+0000] {dag.py:2941} INFO - Sync 1 DAGs
[2023-11-13T21:51:31.506+0000] {logging_mixin.py:154} INFO - [2023-11-13T21:51:31.475+0000] {dag.py:3722} INFO - Setting next_dagrun for example_branch_dop_operator_v3 to 2023-11-13T21:50:00+00:00, run_after=2023-11-13T21:51:00+00:00
[2023-11-13T21:51:32.596+0000] {processor.py:179} INFO - Processing /home/airflow/.local/lib/python3.8/site-packages/airflow/example_dags/example_branch_python_dop_operator_3.py took 5.085 seconds
[2023-11-13T21:54:42.326+0000] {processor.py:157} INFO - Started process (PID=177) to work on /home/airflow/.local/lib/python3.8/site-packages/airflow/example_dags/example_branch_python_dop_operator_3.py
[2023-11-13T21:54:42.350+0000] {processor.py:829} INFO - Processing file /home/airflow/.local/lib/python3.8/site-packages/airflow/example_dags/example_branch_python_dop_operator_3.py for tasks to queue
[2023-11-13T21:54:42.416+0000] {logging_mixin.py:154} INFO - [2023-11-13T21:54:42.405+0000] {dagbag.py:536} INFO - Filling up the DagBag from /home/airflow/.local/lib/python3.8/site-packages/airflow/example_dags/example_branch_python_dop_operator_3.py
[2023-11-13T21:54:42.843+0000] {processor.py:839} INFO - DAG(s) dict_keys(['example_branch_dop_operator_v3']) retrieved from /home/airflow/.local/lib/python3.8/site-packages/airflow/example_dags/example_branch_python_dop_operator_3.py
