[2023-11-13T21:45:18.600+0000] {processor.py:157} INFO - Started process (PID=136) to work on /home/airflow/.local/lib/python3.8/site-packages/airflow/example_dags/example_complex.py
[2023-11-13T21:45:18.676+0000] {processor.py:829} INFO - Processing file /home/airflow/.local/lib/python3.8/site-packages/airflow/example_dags/example_complex.py for tasks to queue
[2023-11-13T21:45:18.738+0000] {logging_mixin.py:154} INFO - [2023-11-13T21:45:18.737+0000] {dagbag.py:536} INFO - Filling up the DagBag from /home/airflow/.local/lib/python3.8/site-packages/airflow/example_dags/example_complex.py
[2023-11-13T21:45:19.641+0000] {processor.py:839} INFO - DAG(s) dict_keys(['example_complex']) retrieved from /home/airflow/.local/lib/python3.8/site-packages/airflow/example_dags/example_complex.py
[2023-11-13T21:45:23.393+0000] {logging_mixin.py:154} INFO - [2023-11-13T21:45:23.392+0000] {manager.py:499} INFO - Created Permission View: %s
[2023-11-13T21:45:23.918+0000] {logging_mixin.py:154} INFO - [2023-11-13T21:45:23.917+0000] {manager.py:499} INFO - Created Permission View: %s
[2023-11-13T21:45:24.192+0000] {logging_mixin.py:154} INFO - [2023-11-13T21:45:24.191+0000] {manager.py:499} INFO - Created Permission View: %s
[2023-11-13T21:45:24.285+0000] {logging_mixin.py:154} INFO - [2023-11-13T21:45:24.263+0000] {dag.py:2941} INFO - Sync 1 DAGs
[2023-11-13T21:45:24.686+0000] {logging_mixin.py:154} INFO - [2023-11-13T21:45:24.685+0000] {dag.py:2963} INFO - Creating ORM DAG for example_complex
[2023-11-13T21:45:24.749+0000] {logging_mixin.py:154} INFO - [2023-11-13T21:45:24.725+0000] {dag.py:3722} INFO - Setting next_dagrun for example_complex to None, run_after=None
[2023-11-13T21:45:25.291+0000] {processor.py:179} INFO - Processing /home/airflow/.local/lib/python3.8/site-packages/airflow/example_dags/example_complex.py took 6.747 seconds
[2023-11-13T21:46:59.863+0000] {processor.py:157} INFO - Started process (PID=202) to work on /home/airflow/.local/lib/python3.8/site-packages/airflow/example_dags/example_complex.py
[2023-11-13T21:46:59.881+0000] {processor.py:829} INFO - Processing file /home/airflow/.local/lib/python3.8/site-packages/airflow/example_dags/example_complex.py for tasks to queue
[2023-11-13T21:46:59.928+0000] {logging_mixin.py:154} INFO - [2023-11-13T21:46:59.918+0000] {dagbag.py:536} INFO - Filling up the DagBag from /home/airflow/.local/lib/python3.8/site-packages/airflow/example_dags/example_complex.py
[2023-11-13T21:47:00.086+0000] {processor.py:839} INFO - DAG(s) dict_keys(['example_complex']) retrieved from /home/airflow/.local/lib/python3.8/site-packages/airflow/example_dags/example_complex.py
[2023-11-13T21:47:00.598+0000] {logging_mixin.py:154} INFO - [2023-11-13T21:47:00.598+0000] {dag.py:2941} INFO - Sync 1 DAGs
[2023-11-13T21:47:00.849+0000] {logging_mixin.py:154} INFO - [2023-11-13T21:47:00.848+0000] {dag.py:3722} INFO - Setting next_dagrun for example_complex to None, run_after=None
[2023-11-13T21:47:01.405+0000] {processor.py:179} INFO - Processing /home/airflow/.local/lib/python3.8/site-packages/airflow/example_dags/example_complex.py took 1.586 seconds
[2023-11-13T21:50:52.735+0000] {processor.py:157} INFO - Started process (PID=78) to work on /home/airflow/.local/lib/python3.8/site-packages/airflow/example_dags/example_complex.py
[2023-11-13T21:50:52.874+0000] {processor.py:829} INFO - Processing file /home/airflow/.local/lib/python3.8/site-packages/airflow/example_dags/example_complex.py for tasks to queue
[2023-11-13T21:50:53.199+0000] {logging_mixin.py:154} INFO - [2023-11-13T21:50:53.151+0000] {dagbag.py:536} INFO - Filling up the DagBag from /home/airflow/.local/lib/python3.8/site-packages/airflow/example_dags/example_complex.py
[2023-11-13T21:50:54.471+0000] {processor.py:839} INFO - DAG(s) dict_keys(['example_complex']) retrieved from /home/airflow/.local/lib/python3.8/site-packages/airflow/example_dags/example_complex.py
[2023-11-13T21:50:57.413+0000] {logging_mixin.py:154} INFO - [2023-11-13T21:50:57.382+0000] {dag.py:2941} INFO - Sync 1 DAGs
[2023-11-13T21:50:58.272+0000] {logging_mixin.py:154} INFO - [2023-11-13T21:50:58.255+0000] {dag.py:3722} INFO - Setting next_dagrun for example_complex to None, run_after=None
[2023-11-13T21:50:59.280+0000] {processor.py:179} INFO - Processing /home/airflow/.local/lib/python3.8/site-packages/airflow/example_dags/example_complex.py took 7.071 seconds
