[2023-11-13T21:44:41.658+0000] {processor.py:157} INFO - Started process (PID=121) to work on /home/airflow/.local/lib/python3.8/site-packages/airflow/example_dags/example_short_circuit_operator.py
[2023-11-13T21:44:41.674+0000] {processor.py:829} INFO - Processing file /home/airflow/.local/lib/python3.8/site-packages/airflow/example_dags/example_short_circuit_operator.py for tasks to queue
[2023-11-13T21:44:41.701+0000] {logging_mixin.py:154} INFO - [2023-11-13T21:44:41.692+0000] {dagbag.py:536} INFO - Filling up the DagBag from /home/airflow/.local/lib/python3.8/site-packages/airflow/example_dags/example_short_circuit_operator.py
[2023-11-13T21:44:42.051+0000] {processor.py:839} INFO - DAG(s) dict_keys(['example_short_circuit_operator']) retrieved from /home/airflow/.local/lib/python3.8/site-packages/airflow/example_dags/example_short_circuit_operator.py
[2023-11-13T21:44:46.371+0000] {logging_mixin.py:154} INFO - [2023-11-13T21:44:46.370+0000] {manager.py:499} INFO - Created Permission View: %s
[2023-11-13T21:44:46.627+0000] {logging_mixin.py:154} INFO - [2023-11-13T21:44:46.624+0000] {manager.py:499} INFO - Created Permission View: %s
[2023-11-13T21:44:46.907+0000] {logging_mixin.py:154} INFO - [2023-11-13T21:44:46.906+0000] {manager.py:499} INFO - Created Permission View: %s
[2023-11-13T21:44:46.921+0000] {logging_mixin.py:154} INFO - [2023-11-13T21:44:46.920+0000] {dag.py:2941} INFO - Sync 1 DAGs
[2023-11-13T21:44:47.217+0000] {logging_mixin.py:154} INFO - [2023-11-13T21:44:47.211+0000] {dag.py:2963} INFO - Creating ORM DAG for example_short_circuit_operator
[2023-11-13T21:44:47.524+0000] {logging_mixin.py:154} INFO - [2023-11-13T21:44:47.524+0000] {dag.py:3722} INFO - Setting next_dagrun for example_short_circuit_operator to 2023-11-12T21:44:47.523675+00:00, run_after=2023-11-13T21:44:47.523675+00:00
[2023-11-13T21:44:48.141+0000] {processor.py:179} INFO - Processing /home/airflow/.local/lib/python3.8/site-packages/airflow/example_dags/example_short_circuit_operator.py took 6.486 seconds
[2023-11-13T21:46:41.770+0000] {processor.py:157} INFO - Started process (PID=194) to work on /home/airflow/.local/lib/python3.8/site-packages/airflow/example_dags/example_short_circuit_operator.py
[2023-11-13T21:46:41.782+0000] {processor.py:829} INFO - Processing file /home/airflow/.local/lib/python3.8/site-packages/airflow/example_dags/example_short_circuit_operator.py for tasks to queue
[2023-11-13T21:46:41.827+0000] {logging_mixin.py:154} INFO - [2023-11-13T21:46:41.826+0000] {dagbag.py:536} INFO - Filling up the DagBag from /home/airflow/.local/lib/python3.8/site-packages/airflow/example_dags/example_short_circuit_operator.py
[2023-11-13T21:46:41.913+0000] {processor.py:839} INFO - DAG(s) dict_keys(['example_short_circuit_operator']) retrieved from /home/airflow/.local/lib/python3.8/site-packages/airflow/example_dags/example_short_circuit_operator.py
[2023-11-13T21:46:42.354+0000] {logging_mixin.py:154} INFO - [2023-11-13T21:46:42.353+0000] {dag.py:2941} INFO - Sync 1 DAGs
[2023-11-13T21:46:42.553+0000] {logging_mixin.py:154} INFO - [2023-11-13T21:46:42.553+0000] {dag.py:3722} INFO - Setting next_dagrun for example_short_circuit_operator to 2023-11-12T21:46:42.553092+00:00, run_after=2023-11-13T21:46:42.553092+00:00
[2023-11-13T21:46:42.989+0000] {processor.py:179} INFO - Processing /home/airflow/.local/lib/python3.8/site-packages/airflow/example_dags/example_short_circuit_operator.py took 1.248 seconds
[2023-11-13T21:50:25.435+0000] {processor.py:157} INFO - Started process (PID=63) to work on /home/airflow/.local/lib/python3.8/site-packages/airflow/example_dags/example_short_circuit_operator.py
[2023-11-13T21:50:25.478+0000] {processor.py:829} INFO - Processing file /home/airflow/.local/lib/python3.8/site-packages/airflow/example_dags/example_short_circuit_operator.py for tasks to queue
[2023-11-13T21:50:25.594+0000] {logging_mixin.py:154} INFO - [2023-11-13T21:50:25.568+0000] {dagbag.py:536} INFO - Filling up the DagBag from /home/airflow/.local/lib/python3.8/site-packages/airflow/example_dags/example_short_circuit_operator.py
[2023-11-13T21:50:26.129+0000] {processor.py:839} INFO - DAG(s) dict_keys(['example_short_circuit_operator']) retrieved from /home/airflow/.local/lib/python3.8/site-packages/airflow/example_dags/example_short_circuit_operator.py
[2023-11-13T21:50:27.781+0000] {logging_mixin.py:154} INFO - [2023-11-13T21:50:27.766+0000] {dag.py:2941} INFO - Sync 1 DAGs
[2023-11-13T21:50:29.356+0000] {logging_mixin.py:154} INFO - [2023-11-13T21:50:29.349+0000] {dag.py:3722} INFO - Setting next_dagrun for example_short_circuit_operator to 2023-11-12T21:50:29.310576+00:00, run_after=2023-11-13T21:50:29.310576+00:00
[2023-11-13T21:50:30.264+0000] {processor.py:179} INFO - Processing /home/airflow/.local/lib/python3.8/site-packages/airflow/example_dags/example_short_circuit_operator.py took 4.994 seconds
[2023-11-13T21:53:28.749+0000] {processor.py:157} INFO - Started process (PID=145) to work on /home/airflow/.local/lib/python3.8/site-packages/airflow/example_dags/example_short_circuit_operator.py
[2023-11-13T21:53:28.810+0000] {processor.py:829} INFO - Processing file /home/airflow/.local/lib/python3.8/site-packages/airflow/example_dags/example_short_circuit_operator.py for tasks to queue
[2023-11-13T21:53:28.992+0000] {logging_mixin.py:154} INFO - [2023-11-13T21:53:28.991+0000] {dagbag.py:536} INFO - Filling up the DagBag from /home/airflow/.local/lib/python3.8/site-packages/airflow/example_dags/example_short_circuit_operator.py
[2023-11-13T21:53:29.846+0000] {processor.py:839} INFO - DAG(s) dict_keys(['example_short_circuit_operator']) retrieved from /home/airflow/.local/lib/python3.8/site-packages/airflow/example_dags/example_short_circuit_operator.py
[2023-11-13T21:53:31.163+0000] {logging_mixin.py:154} INFO - [2023-11-13T21:53:31.152+0000] {dag.py:2941} INFO - Sync 1 DAGs
[2023-11-13T21:53:31.670+0000] {logging_mixin.py:154} INFO - [2023-11-13T21:53:31.670+0000] {dag.py:3722} INFO - Setting next_dagrun for example_short_circuit_operator to 2023-11-12T21:53:31.669726+00:00, run_after=2023-11-13T21:53:31.669726+00:00
[2023-11-13T21:53:32.062+0000] {processor.py:179} INFO - Processing /home/airflow/.local/lib/python3.8/site-packages/airflow/example_dags/example_short_circuit_operator.py took 3.612 seconds
