[2023-11-13T21:45:50.475+0000] {processor.py:157} INFO - Started process (PID=151) to work on /home/airflow/.local/lib/python3.8/site-packages/airflow/example_dags/example_branch_labels.py
[2023-11-13T21:45:50.488+0000] {processor.py:829} INFO - Processing file /home/airflow/.local/lib/python3.8/site-packages/airflow/example_dags/example_branch_labels.py for tasks to queue
[2023-11-13T21:45:50.508+0000] {logging_mixin.py:154} INFO - [2023-11-13T21:45:50.507+0000] {dagbag.py:536} INFO - Filling up the DagBag from /home/airflow/.local/lib/python3.8/site-packages/airflow/example_dags/example_branch_labels.py
[2023-11-13T21:45:50.572+0000] {processor.py:839} INFO - DAG(s) dict_keys(['example_branch_labels']) retrieved from /home/airflow/.local/lib/python3.8/site-packages/airflow/example_dags/example_branch_labels.py
[2023-11-13T21:45:52.990+0000] {logging_mixin.py:154} INFO - [2023-11-13T21:45:52.989+0000] {manager.py:499} INFO - Created Permission View: %s
[2023-11-13T21:45:53.215+0000] {logging_mixin.py:154} INFO - [2023-11-13T21:45:53.214+0000] {manager.py:499} INFO - Created Permission View: %s
[2023-11-13T21:45:53.383+0000] {logging_mixin.py:154} INFO - [2023-11-13T21:45:53.382+0000] {manager.py:499} INFO - Created Permission View: %s
[2023-11-13T21:45:53.397+0000] {logging_mixin.py:154} INFO - [2023-11-13T21:45:53.396+0000] {dag.py:2941} INFO - Sync 1 DAGs
[2023-11-13T21:45:53.641+0000] {logging_mixin.py:154} INFO - [2023-11-13T21:45:53.640+0000] {dag.py:2963} INFO - Creating ORM DAG for example_branch_labels
[2023-11-13T21:45:53.976+0000] {logging_mixin.py:154} INFO - [2023-11-13T21:45:53.975+0000] {dag.py:3722} INFO - Setting next_dagrun for example_branch_labels to 2023-11-12T00:00:00+00:00, run_after=2023-11-13T00:00:00+00:00
[2023-11-13T21:45:54.240+0000] {processor.py:179} INFO - Processing /home/airflow/.local/lib/python3.8/site-packages/airflow/example_dags/example_branch_labels.py took 3.796 seconds
[2023-11-13T21:51:25.280+0000] {processor.py:157} INFO - Started process (PID=94) to work on /home/airflow/.local/lib/python3.8/site-packages/airflow/example_dags/example_branch_labels.py
[2023-11-13T21:51:25.332+0000] {processor.py:829} INFO - Processing file /home/airflow/.local/lib/python3.8/site-packages/airflow/example_dags/example_branch_labels.py for tasks to queue
[2023-11-13T21:51:25.472+0000] {logging_mixin.py:154} INFO - [2023-11-13T21:51:25.471+0000] {dagbag.py:536} INFO - Filling up the DagBag from /home/airflow/.local/lib/python3.8/site-packages/airflow/example_dags/example_branch_labels.py
[2023-11-13T21:51:26.557+0000] {processor.py:839} INFO - DAG(s) dict_keys(['example_branch_labels']) retrieved from /home/airflow/.local/lib/python3.8/site-packages/airflow/example_dags/example_branch_labels.py
[2023-11-13T21:51:27.395+0000] {logging_mixin.py:154} INFO - [2023-11-13T21:51:27.359+0000] {dag.py:2941} INFO - Sync 1 DAGs
[2023-11-13T21:51:28.854+0000] {logging_mixin.py:154} INFO - [2023-11-13T21:51:28.852+0000] {dag.py:3722} INFO - Setting next_dagrun for example_branch_labels to 2023-11-12T00:00:00+00:00, run_after=2023-11-13T00:00:00+00:00
[2023-11-13T21:51:29.742+0000] {processor.py:179} INFO - Processing /home/airflow/.local/lib/python3.8/site-packages/airflow/example_dags/example_branch_labels.py took 4.788 seconds
[2023-11-13T21:54:36.073+0000] {processor.py:157} INFO - Started process (PID=176) to work on /home/airflow/.local/lib/python3.8/site-packages/airflow/example_dags/example_branch_labels.py
[2023-11-13T21:54:36.203+0000] {processor.py:829} INFO - Processing file /home/airflow/.local/lib/python3.8/site-packages/airflow/example_dags/example_branch_labels.py for tasks to queue
[2023-11-13T21:54:36.297+0000] {logging_mixin.py:154} INFO - [2023-11-13T21:54:36.297+0000] {dagbag.py:536} INFO - Filling up the DagBag from /home/airflow/.local/lib/python3.8/site-packages/airflow/example_dags/example_branch_labels.py
[2023-11-13T21:54:36.860+0000] {processor.py:839} INFO - DAG(s) dict_keys(['example_branch_labels']) retrieved from /home/airflow/.local/lib/python3.8/site-packages/airflow/example_dags/example_branch_labels.py
[2023-11-13T21:54:38.949+0000] {logging_mixin.py:154} INFO - [2023-11-13T21:54:38.911+0000] {dag.py:2941} INFO - Sync 1 DAGs
[2023-11-13T21:54:39.295+0000] {logging_mixin.py:154} INFO - [2023-11-13T21:54:39.295+0000] {dag.py:3722} INFO - Setting next_dagrun for example_branch_labels to 2023-11-12T00:00:00+00:00, run_after=2023-11-13T00:00:00+00:00
[2023-11-13T21:54:40.501+0000] {processor.py:179} INFO - Processing /home/airflow/.local/lib/python3.8/site-packages/airflow/example_dags/example_branch_labels.py took 4.767 seconds
