[2023-11-13T21:45:46.210+0000] {processor.py:157} INFO - Started process (PID=148) to work on /home/airflow/.local/lib/python3.8/site-packages/airflow/example_dags/example_xcomargs.py
[2023-11-13T21:45:46.224+0000] {processor.py:829} INFO - Processing file /home/airflow/.local/lib/python3.8/site-packages/airflow/example_dags/example_xcomargs.py for tasks to queue
[2023-11-13T21:45:46.260+0000] {logging_mixin.py:154} INFO - [2023-11-13T21:45:46.248+0000] {dagbag.py:536} INFO - Filling up the DagBag from /home/airflow/.local/lib/python3.8/site-packages/airflow/example_dags/example_xcomargs.py
[2023-11-13T21:45:46.398+0000] {processor.py:839} INFO - DAG(s) dict_keys(['example_xcom_args', 'example_xcom_args_with_operators']) retrieved from /home/airflow/.local/lib/python3.8/site-packages/airflow/example_dags/example_xcomargs.py
[2023-11-13T21:45:48.224+0000] {logging_mixin.py:154} INFO - [2023-11-13T21:45:48.224+0000] {manager.py:499} INFO - Created Permission View: %s
[2023-11-13T21:45:48.461+0000] {logging_mixin.py:154} INFO - [2023-11-13T21:45:48.461+0000] {manager.py:499} INFO - Created Permission View: %s
[2023-11-13T21:45:48.655+0000] {logging_mixin.py:154} INFO - [2023-11-13T21:45:48.655+0000] {manager.py:499} INFO - Created Permission View: %s
[2023-11-13T21:45:49.154+0000] {logging_mixin.py:154} INFO - [2023-11-13T21:45:49.154+0000] {manager.py:499} INFO - Created Permission View: %s
[2023-11-13T21:45:49.208+0000] {logging_mixin.py:154} INFO - [2023-11-13T21:45:49.207+0000] {manager.py:499} INFO - Created Permission View: %s
[2023-11-13T21:45:49.286+0000] {logging_mixin.py:154} INFO - [2023-11-13T21:45:49.285+0000] {manager.py:499} INFO - Created Permission View: %s
[2023-11-13T21:45:49.304+0000] {logging_mixin.py:154} INFO - [2023-11-13T21:45:49.303+0000] {dag.py:2941} INFO - Sync 2 DAGs
[2023-11-13T21:45:49.506+0000] {logging_mixin.py:154} INFO - [2023-11-13T21:45:49.505+0000] {dag.py:2963} INFO - Creating ORM DAG for example_xcom_args
[2023-11-13T21:45:49.522+0000] {logging_mixin.py:154} INFO - [2023-11-13T21:45:49.521+0000] {dag.py:2963} INFO - Creating ORM DAG for example_xcom_args_with_operators
[2023-11-13T21:45:49.533+0000] {logging_mixin.py:154} INFO - [2023-11-13T21:45:49.532+0000] {dag.py:3722} INFO - Setting next_dagrun for example_xcom_args to None, run_after=None
[2023-11-13T21:45:49.553+0000] {logging_mixin.py:154} INFO - [2023-11-13T21:45:49.553+0000] {dag.py:3722} INFO - Setting next_dagrun for example_xcom_args_with_operators to None, run_after=None
[2023-11-13T21:45:49.761+0000] {processor.py:179} INFO - Processing /home/airflow/.local/lib/python3.8/site-packages/airflow/example_dags/example_xcomargs.py took 3.585 seconds
[2023-11-13T21:51:13.163+0000] {processor.py:157} INFO - Started process (PID=84) to work on /home/airflow/.local/lib/python3.8/site-packages/airflow/example_dags/example_xcomargs.py
[2023-11-13T21:51:13.186+0000] {processor.py:829} INFO - Processing file /home/airflow/.local/lib/python3.8/site-packages/airflow/example_dags/example_xcomargs.py for tasks to queue
[2023-11-13T21:51:13.290+0000] {logging_mixin.py:154} INFO - [2023-11-13T21:51:13.282+0000] {dagbag.py:536} INFO - Filling up the DagBag from /home/airflow/.local/lib/python3.8/site-packages/airflow/example_dags/example_xcomargs.py
[2023-11-13T21:51:13.706+0000] {processor.py:839} INFO - DAG(s) dict_keys(['example_xcom_args_with_operators', 'example_xcom_args']) retrieved from /home/airflow/.local/lib/python3.8/site-packages/airflow/example_dags/example_xcomargs.py
[2023-11-13T21:51:15.136+0000] {logging_mixin.py:154} INFO - [2023-11-13T21:51:15.115+0000] {dag.py:2941} INFO - Sync 2 DAGs
[2023-11-13T21:51:16.006+0000] {logging_mixin.py:154} INFO - [2023-11-13T21:51:16.004+0000] {dag.py:3722} INFO - Setting next_dagrun for example_xcom_args to None, run_after=None
[2023-11-13T21:51:16.250+0000] {logging_mixin.py:154} INFO - [2023-11-13T21:51:16.235+0000] {dag.py:3722} INFO - Setting next_dagrun for example_xcom_args_with_operators to None, run_after=None
[2023-11-13T21:51:18.557+0000] {processor.py:179} INFO - Processing /home/airflow/.local/lib/python3.8/site-packages/airflow/example_dags/example_xcomargs.py took 5.559 seconds
[2023-11-13T21:54:21.656+0000] {processor.py:157} INFO - Started process (PID=173) to work on /home/airflow/.local/lib/python3.8/site-packages/airflow/example_dags/example_xcomargs.py
[2023-11-13T21:54:21.910+0000] {processor.py:829} INFO - Processing file /home/airflow/.local/lib/python3.8/site-packages/airflow/example_dags/example_xcomargs.py for tasks to queue
[2023-11-13T21:54:22.474+0000] {logging_mixin.py:154} INFO - [2023-11-13T21:54:22.462+0000] {dagbag.py:536} INFO - Filling up the DagBag from /home/airflow/.local/lib/python3.8/site-packages/airflow/example_dags/example_xcomargs.py
[2023-11-13T21:54:23.698+0000] {processor.py:839} INFO - DAG(s) dict_keys(['example_xcom_args', 'example_xcom_args_with_operators']) retrieved from /home/airflow/.local/lib/python3.8/site-packages/airflow/example_dags/example_xcomargs.py
[2023-11-13T21:54:25.551+0000] {logging_mixin.py:154} INFO - [2023-11-13T21:54:25.519+0000] {dag.py:2941} INFO - Sync 2 DAGs
[2023-11-13T21:54:26.968+0000] {logging_mixin.py:154} INFO - [2023-11-13T21:54:26.968+0000] {dag.py:3722} INFO - Setting next_dagrun for example_xcom_args to None, run_after=None
[2023-11-13T21:54:27.347+0000] {logging_mixin.py:154} INFO - [2023-11-13T21:54:27.347+0000] {dag.py:3722} INFO - Setting next_dagrun for example_xcom_args_with_operators to None, run_after=None
[2023-11-13T21:54:29.859+0000] {processor.py:179} INFO - Processing /home/airflow/.local/lib/python3.8/site-packages/airflow/example_dags/example_xcomargs.py took 9.206 seconds
