[2023-11-13T21:43:53.125+0000] {processor.py:157} INFO - Started process (PID=101) to work on /home/airflow/.local/lib/python3.8/site-packages/airflow/example_dags/example_latest_only_with_trigger.py
[2023-11-13T21:43:53.187+0000] {processor.py:829} INFO - Processing file /home/airflow/.local/lib/python3.8/site-packages/airflow/example_dags/example_latest_only_with_trigger.py for tasks to queue
[2023-11-13T21:43:54.807+0000] {logging_mixin.py:154} INFO - [2023-11-13T21:43:54.102+0000] {dagbag.py:536} INFO - Filling up the DagBag from /home/airflow/.local/lib/python3.8/site-packages/airflow/example_dags/example_latest_only_with_trigger.py
[2023-11-13T21:43:57.249+0000] {processor.py:839} INFO - DAG(s) dict_keys(['latest_only_with_trigger']) retrieved from /home/airflow/.local/lib/python3.8/site-packages/airflow/example_dags/example_latest_only_with_trigger.py
[2023-11-13T21:44:15.992+0000] {logging_mixin.py:154} INFO - [2023-11-13T21:44:15.987+0000] {manager.py:499} INFO - Created Permission View: %s
[2023-11-13T21:44:16.921+0000] {logging_mixin.py:154} INFO - [2023-11-13T21:44:16.918+0000] {manager.py:499} INFO - Created Permission View: %s
[2023-11-13T21:44:17.237+0000] {logging_mixin.py:154} INFO - [2023-11-13T21:44:17.236+0000] {manager.py:499} INFO - Created Permission View: %s
[2023-11-13T21:44:17.256+0000] {logging_mixin.py:154} INFO - [2023-11-13T21:44:17.254+0000] {dag.py:2941} INFO - Sync 1 DAGs
[2023-11-13T21:44:17.959+0000] {logging_mixin.py:154} INFO - [2023-11-13T21:44:17.958+0000] {dag.py:2963} INFO - Creating ORM DAG for latest_only_with_trigger
[2023-11-13T21:44:18.326+0000] {logging_mixin.py:154} INFO - [2023-11-13T21:44:18.326+0000] {dag.py:3722} INFO - Setting next_dagrun for latest_only_with_trigger to 2023-11-13T17:44:18.325983+00:00, run_after=2023-11-13T21:44:18.325983+00:00
[2023-11-13T21:44:20.712+0000] {processor.py:179} INFO - Processing /home/airflow/.local/lib/python3.8/site-packages/airflow/example_dags/example_latest_only_with_trigger.py took 27.679 seconds
[2023-11-13T21:46:31.456+0000] {processor.py:157} INFO - Started process (PID=182) to work on /home/airflow/.local/lib/python3.8/site-packages/airflow/example_dags/example_latest_only_with_trigger.py
[2023-11-13T21:46:31.473+0000] {processor.py:829} INFO - Processing file /home/airflow/.local/lib/python3.8/site-packages/airflow/example_dags/example_latest_only_with_trigger.py for tasks to queue
[2023-11-13T21:46:31.511+0000] {logging_mixin.py:154} INFO - [2023-11-13T21:46:31.510+0000] {dagbag.py:536} INFO - Filling up the DagBag from /home/airflow/.local/lib/python3.8/site-packages/airflow/example_dags/example_latest_only_with_trigger.py
[2023-11-13T21:46:31.626+0000] {processor.py:839} INFO - DAG(s) dict_keys(['latest_only_with_trigger']) retrieved from /home/airflow/.local/lib/python3.8/site-packages/airflow/example_dags/example_latest_only_with_trigger.py
[2023-11-13T21:46:32.040+0000] {logging_mixin.py:154} INFO - [2023-11-13T21:46:32.039+0000] {dag.py:2941} INFO - Sync 1 DAGs
[2023-11-13T21:46:32.289+0000] {logging_mixin.py:154} INFO - [2023-11-13T21:46:32.288+0000] {dag.py:3722} INFO - Setting next_dagrun for latest_only_with_trigger to 2023-11-13T17:46:32.288154+00:00, run_after=2023-11-13T21:46:32.288154+00:00
[2023-11-13T21:46:32.729+0000] {processor.py:179} INFO - Processing /home/airflow/.local/lib/python3.8/site-packages/airflow/example_dags/example_latest_only_with_trigger.py took 1.471 seconds
[2023-11-13T21:50:04.541+0000] {processor.py:157} INFO - Started process (PID=50) to work on /home/airflow/.local/lib/python3.8/site-packages/airflow/example_dags/example_latest_only_with_trigger.py
[2023-11-13T21:50:04.561+0000] {processor.py:829} INFO - Processing file /home/airflow/.local/lib/python3.8/site-packages/airflow/example_dags/example_latest_only_with_trigger.py for tasks to queue
[2023-11-13T21:50:04.821+0000] {logging_mixin.py:154} INFO - [2023-11-13T21:50:04.778+0000] {dagbag.py:536} INFO - Filling up the DagBag from /home/airflow/.local/lib/python3.8/site-packages/airflow/example_dags/example_latest_only_with_trigger.py
[2023-11-13T21:50:05.571+0000] {processor.py:839} INFO - DAG(s) dict_keys(['latest_only_with_trigger']) retrieved from /home/airflow/.local/lib/python3.8/site-packages/airflow/example_dags/example_latest_only_with_trigger.py
[2023-11-13T21:50:07.335+0000] {logging_mixin.py:154} INFO - [2023-11-13T21:50:07.335+0000] {dag.py:2941} INFO - Sync 1 DAGs
[2023-11-13T21:50:09.403+0000] {logging_mixin.py:154} INFO - [2023-11-13T21:50:09.403+0000] {dag.py:3722} INFO - Setting next_dagrun for latest_only_with_trigger to 2023-11-13T17:50:09.402687+00:00, run_after=2023-11-13T21:50:09.402687+00:00
[2023-11-13T21:50:11.255+0000] {processor.py:179} INFO - Processing /home/airflow/.local/lib/python3.8/site-packages/airflow/example_dags/example_latest_only_with_trigger.py took 7.039 seconds
