[2023-11-13T21:43:29.264+0000] {processor.py:157} INFO - Started process (PID=100) to work on /home/airflow/.local/lib/python3.8/site-packages/airflow/example_dags/example_kubernetes_executor.py
[2023-11-13T21:43:29.332+0000] {processor.py:829} INFO - Processing file /home/airflow/.local/lib/python3.8/site-packages/airflow/example_dags/example_kubernetes_executor.py for tasks to queue
[2023-11-13T21:43:29.505+0000] {logging_mixin.py:154} INFO - [2023-11-13T21:43:29.492+0000] {dagbag.py:536} INFO - Filling up the DagBag from /home/airflow/.local/lib/python3.8/site-packages/airflow/example_dags/example_kubernetes_executor.py
[2023-11-13T21:43:32.251+0000] {processor.py:839} INFO - DAG(s) dict_keys(['example_kubernetes_executor']) retrieved from /home/airflow/.local/lib/python3.8/site-packages/airflow/example_dags/example_kubernetes_executor.py
[2023-11-13T21:43:47.285+0000] {logging_mixin.py:154} INFO - [2023-11-13T21:43:47.284+0000] {manager.py:499} INFO - Created Permission View: %s
[2023-11-13T21:43:47.593+0000] {logging_mixin.py:154} INFO - [2023-11-13T21:43:47.592+0000] {manager.py:499} INFO - Created Permission View: %s
[2023-11-13T21:43:48.149+0000] {logging_mixin.py:154} INFO - [2023-11-13T21:43:48.148+0000] {manager.py:499} INFO - Created Permission View: %s
[2023-11-13T21:43:48.177+0000] {logging_mixin.py:154} INFO - [2023-11-13T21:43:48.176+0000] {dag.py:2941} INFO - Sync 1 DAGs
[2023-11-13T21:43:49.345+0000] {logging_mixin.py:154} INFO - [2023-11-13T21:43:49.344+0000] {dag.py:2963} INFO - Creating ORM DAG for example_kubernetes_executor
[2023-11-13T21:43:49.404+0000] {logging_mixin.py:154} INFO - [2023-11-13T21:43:49.402+0000] {dag.py:3722} INFO - Setting next_dagrun for example_kubernetes_executor to None, run_after=None
[2023-11-13T21:43:52.892+0000] {processor.py:179} INFO - Processing /home/airflow/.local/lib/python3.8/site-packages/airflow/example_dags/example_kubernetes_executor.py took 24.063 seconds
[2023-11-13T21:46:29.490+0000] {processor.py:157} INFO - Started process (PID=181) to work on /home/airflow/.local/lib/python3.8/site-packages/airflow/example_dags/example_kubernetes_executor.py
[2023-11-13T21:46:29.544+0000] {processor.py:829} INFO - Processing file /home/airflow/.local/lib/python3.8/site-packages/airflow/example_dags/example_kubernetes_executor.py for tasks to queue
[2023-11-13T21:46:29.569+0000] {logging_mixin.py:154} INFO - [2023-11-13T21:46:29.563+0000] {dagbag.py:536} INFO - Filling up the DagBag from /home/airflow/.local/lib/python3.8/site-packages/airflow/example_dags/example_kubernetes_executor.py
[2023-11-13T21:46:30.097+0000] {processor.py:839} INFO - DAG(s) dict_keys(['example_kubernetes_executor']) retrieved from /home/airflow/.local/lib/python3.8/site-packages/airflow/example_dags/example_kubernetes_executor.py
[2023-11-13T21:46:30.812+0000] {logging_mixin.py:154} INFO - [2023-11-13T21:46:30.811+0000] {dag.py:2941} INFO - Sync 1 DAGs
[2023-11-13T21:46:30.860+0000] {logging_mixin.py:154} INFO - [2023-11-13T21:46:30.860+0000] {dag.py:3722} INFO - Setting next_dagrun for example_kubernetes_executor to None, run_after=None
[2023-11-13T21:46:31.003+0000] {processor.py:179} INFO - Processing /home/airflow/.local/lib/python3.8/site-packages/airflow/example_dags/example_kubernetes_executor.py took 1.519 seconds
[2023-11-13T21:49:56.786+0000] {processor.py:157} INFO - Started process (PID=49) to work on /home/airflow/.local/lib/python3.8/site-packages/airflow/example_dags/example_kubernetes_executor.py
[2023-11-13T21:49:56.813+0000] {processor.py:829} INFO - Processing file /home/airflow/.local/lib/python3.8/site-packages/airflow/example_dags/example_kubernetes_executor.py for tasks to queue
[2023-11-13T21:49:56.929+0000] {logging_mixin.py:154} INFO - [2023-11-13T21:49:56.895+0000] {dagbag.py:536} INFO - Filling up the DagBag from /home/airflow/.local/lib/python3.8/site-packages/airflow/example_dags/example_kubernetes_executor.py
[2023-11-13T21:49:57.637+0000] {processor.py:839} INFO - DAG(s) dict_keys(['example_kubernetes_executor']) retrieved from /home/airflow/.local/lib/python3.8/site-packages/airflow/example_dags/example_kubernetes_executor.py
[2023-11-13T21:49:59.782+0000] {logging_mixin.py:154} INFO - [2023-11-13T21:49:59.728+0000] {dag.py:2941} INFO - Sync 1 DAGs
[2023-11-13T21:50:00.721+0000] {logging_mixin.py:154} INFO - [2023-11-13T21:50:00.685+0000] {dag.py:3722} INFO - Setting next_dagrun for example_kubernetes_executor to None, run_after=None
[2023-11-13T21:50:01.600+0000] {processor.py:179} INFO - Processing /home/airflow/.local/lib/python3.8/site-packages/airflow/example_dags/example_kubernetes_executor.py took 4.950 seconds
[2023-11-13T21:52:49.237+0000] {processor.py:157} INFO - Started process (PID=131) to work on /home/airflow/.local/lib/python3.8/site-packages/airflow/example_dags/example_kubernetes_executor.py
[2023-11-13T21:52:49.288+0000] {processor.py:829} INFO - Processing file /home/airflow/.local/lib/python3.8/site-packages/airflow/example_dags/example_kubernetes_executor.py for tasks to queue
[2023-11-13T21:52:49.459+0000] {logging_mixin.py:154} INFO - [2023-11-13T21:52:49.395+0000] {dagbag.py:536} INFO - Filling up the DagBag from /home/airflow/.local/lib/python3.8/site-packages/airflow/example_dags/example_kubernetes_executor.py
[2023-11-13T21:52:50.540+0000] {processor.py:839} INFO - DAG(s) dict_keys(['example_kubernetes_executor']) retrieved from /home/airflow/.local/lib/python3.8/site-packages/airflow/example_dags/example_kubernetes_executor.py
[2023-11-13T21:52:56.450+0000] {logging_mixin.py:154} INFO - [2023-11-13T21:52:56.449+0000] {dag.py:2941} INFO - Sync 1 DAGs
[2023-11-13T21:52:59.257+0000] {logging_mixin.py:154} INFO - [2023-11-13T21:52:59.256+0000] {dag.py:3722} INFO - Setting next_dagrun for example_kubernetes_executor to None, run_after=None
[2023-11-13T21:53:01.193+0000] {processor.py:179} INFO - Processing /home/airflow/.local/lib/python3.8/site-packages/airflow/example_dags/example_kubernetes_executor.py took 12.198 seconds
