[2023-11-13T21:45:09.257+0000] {processor.py:157} INFO - Started process (PID=134) to work on /home/airflow/.local/lib/python3.8/site-packages/airflow/example_dags/example_external_task_marker_dag.py
[2023-11-13T21:45:09.299+0000] {processor.py:829} INFO - Processing file /home/airflow/.local/lib/python3.8/site-packages/airflow/example_dags/example_external_task_marker_dag.py for tasks to queue
[2023-11-13T21:45:09.343+0000] {logging_mixin.py:154} INFO - [2023-11-13T21:45:09.342+0000] {dagbag.py:536} INFO - Filling up the DagBag from /home/airflow/.local/lib/python3.8/site-packages/airflow/example_dags/example_external_task_marker_dag.py
[2023-11-13T21:45:09.455+0000] {processor.py:839} INFO - DAG(s) dict_keys(['example_external_task_marker_parent', 'example_external_task_marker_child']) retrieved from /home/airflow/.local/lib/python3.8/site-packages/airflow/example_dags/example_external_task_marker_dag.py
[2023-11-13T21:45:15.174+0000] {logging_mixin.py:154} INFO - [2023-11-13T21:45:15.174+0000] {manager.py:499} INFO - Created Permission View: %s
[2023-11-13T21:45:15.433+0000] {logging_mixin.py:154} INFO - [2023-11-13T21:45:15.433+0000] {manager.py:499} INFO - Created Permission View: %s
[2023-11-13T21:45:15.623+0000] {logging_mixin.py:154} INFO - [2023-11-13T21:45:15.622+0000] {manager.py:499} INFO - Created Permission View: %s
[2023-11-13T21:45:15.938+0000] {logging_mixin.py:154} INFO - [2023-11-13T21:45:15.938+0000] {manager.py:499} INFO - Created Permission View: %s
[2023-11-13T21:45:16.222+0000] {logging_mixin.py:154} INFO - [2023-11-13T21:45:16.209+0000] {manager.py:499} INFO - Created Permission View: %s
[2023-11-13T21:45:16.411+0000] {logging_mixin.py:154} INFO - [2023-11-13T21:45:16.411+0000] {manager.py:499} INFO - Created Permission View: %s
[2023-11-13T21:45:16.440+0000] {logging_mixin.py:154} INFO - [2023-11-13T21:45:16.440+0000] {dag.py:2941} INFO - Sync 2 DAGs
[2023-11-13T21:45:16.641+0000] {logging_mixin.py:154} INFO - [2023-11-13T21:45:16.640+0000] {dag.py:2963} INFO - Creating ORM DAG for example_external_task_marker_child
[2023-11-13T21:45:16.687+0000] {logging_mixin.py:154} INFO - [2023-11-13T21:45:16.687+0000] {dag.py:2963} INFO - Creating ORM DAG for example_external_task_marker_parent
[2023-11-13T21:45:16.709+0000] {logging_mixin.py:154} INFO - [2023-11-13T21:45:16.709+0000] {dag.py:3722} INFO - Setting next_dagrun for example_external_task_marker_child to None, run_after=None
[2023-11-13T21:45:16.729+0000] {logging_mixin.py:154} INFO - [2023-11-13T21:45:16.721+0000] {dag.py:3722} INFO - Setting next_dagrun for example_external_task_marker_parent to None, run_after=None
[2023-11-13T21:45:17.729+0000] {processor.py:179} INFO - Processing /home/airflow/.local/lib/python3.8/site-packages/airflow/example_dags/example_external_task_marker_dag.py took 8.493 seconds
[2023-11-13T21:46:57.743+0000] {processor.py:157} INFO - Started process (PID=200) to work on /home/airflow/.local/lib/python3.8/site-packages/airflow/example_dags/example_external_task_marker_dag.py
[2023-11-13T21:46:57.951+0000] {processor.py:829} INFO - Processing file /home/airflow/.local/lib/python3.8/site-packages/airflow/example_dags/example_external_task_marker_dag.py for tasks to queue
[2023-11-13T21:46:58.118+0000] {logging_mixin.py:154} INFO - [2023-11-13T21:46:58.111+0000] {dagbag.py:536} INFO - Filling up the DagBag from /home/airflow/.local/lib/python3.8/site-packages/airflow/example_dags/example_external_task_marker_dag.py
[2023-11-13T21:46:58.313+0000] {processor.py:839} INFO - DAG(s) dict_keys(['example_external_task_marker_child', 'example_external_task_marker_parent']) retrieved from /home/airflow/.local/lib/python3.8/site-packages/airflow/example_dags/example_external_task_marker_dag.py
[2023-11-13T21:46:58.926+0000] {logging_mixin.py:154} INFO - [2023-11-13T21:46:58.925+0000] {dag.py:2941} INFO - Sync 2 DAGs
[2023-11-13T21:46:59.125+0000] {logging_mixin.py:154} INFO - [2023-11-13T21:46:59.124+0000] {dag.py:3722} INFO - Setting next_dagrun for example_external_task_marker_child to None, run_after=None
[2023-11-13T21:46:59.245+0000] {logging_mixin.py:154} INFO - [2023-11-13T21:46:59.234+0000] {dag.py:3722} INFO - Setting next_dagrun for example_external_task_marker_parent to None, run_after=None
[2023-11-13T21:46:59.441+0000] {processor.py:179} INFO - Processing /home/airflow/.local/lib/python3.8/site-packages/airflow/example_dags/example_external_task_marker_dag.py took 1.893 seconds
[2023-11-13T21:50:47.099+0000] {processor.py:157} INFO - Started process (PID=76) to work on /home/airflow/.local/lib/python3.8/site-packages/airflow/example_dags/example_external_task_marker_dag.py
[2023-11-13T21:50:47.115+0000] {processor.py:829} INFO - Processing file /home/airflow/.local/lib/python3.8/site-packages/airflow/example_dags/example_external_task_marker_dag.py for tasks to queue
[2023-11-13T21:50:47.201+0000] {logging_mixin.py:154} INFO - [2023-11-13T21:50:47.188+0000] {dagbag.py:536} INFO - Filling up the DagBag from /home/airflow/.local/lib/python3.8/site-packages/airflow/example_dags/example_external_task_marker_dag.py
[2023-11-13T21:50:47.489+0000] {processor.py:839} INFO - DAG(s) dict_keys(['example_external_task_marker_parent', 'example_external_task_marker_child']) retrieved from /home/airflow/.local/lib/python3.8/site-packages/airflow/example_dags/example_external_task_marker_dag.py
[2023-11-13T21:50:48.678+0000] {logging_mixin.py:154} INFO - [2023-11-13T21:50:48.677+0000] {dag.py:2941} INFO - Sync 2 DAGs
[2023-11-13T21:50:49.427+0000] {logging_mixin.py:154} INFO - [2023-11-13T21:50:49.427+0000] {dag.py:3722} INFO - Setting next_dagrun for example_external_task_marker_child to None, run_after=None
[2023-11-13T21:50:49.516+0000] {logging_mixin.py:154} INFO - [2023-11-13T21:50:49.516+0000] {dag.py:3722} INFO - Setting next_dagrun for example_external_task_marker_parent to None, run_after=None
[2023-11-13T21:50:50.382+0000] {processor.py:179} INFO - Processing /home/airflow/.local/lib/python3.8/site-packages/airflow/example_dags/example_external_task_marker_dag.py took 3.531 seconds
[2023-11-13T21:53:41.813+0000] {processor.py:157} INFO - Started process (PID=157) to work on /home/airflow/.local/lib/python3.8/site-packages/airflow/example_dags/example_external_task_marker_dag.py
[2023-11-13T21:53:42.090+0000] {processor.py:829} INFO - Processing file /home/airflow/.local/lib/python3.8/site-packages/airflow/example_dags/example_external_task_marker_dag.py for tasks to queue
[2023-11-13T21:53:42.261+0000] {logging_mixin.py:154} INFO - [2023-11-13T21:53:42.210+0000] {dagbag.py:536} INFO - Filling up the DagBag from /home/airflow/.local/lib/python3.8/site-packages/airflow/example_dags/example_external_task_marker_dag.py
[2023-11-13T21:53:42.805+0000] {processor.py:839} INFO - DAG(s) dict_keys(['example_external_task_marker_child', 'example_external_task_marker_parent']) retrieved from /home/airflow/.local/lib/python3.8/site-packages/airflow/example_dags/example_external_task_marker_dag.py
[2023-11-13T21:53:43.820+0000] {logging_mixin.py:154} INFO - [2023-11-13T21:53:43.820+0000] {dag.py:2941} INFO - Sync 2 DAGs
[2023-11-13T21:53:44.461+0000] {logging_mixin.py:154} INFO - [2023-11-13T21:53:44.447+0000] {dag.py:3722} INFO - Setting next_dagrun for example_external_task_marker_child to None, run_after=None
[2023-11-13T21:53:44.653+0000] {logging_mixin.py:154} INFO - [2023-11-13T21:53:44.637+0000] {dag.py:3722} INFO - Setting next_dagrun for example_external_task_marker_parent to None, run_after=None
[2023-11-13T21:53:45.485+0000] {processor.py:179} INFO - Processing /home/airflow/.local/lib/python3.8/site-packages/airflow/example_dags/example_external_task_marker_dag.py took 4.013 seconds
